2024-01-24 14:41:24,077 ERROR [http-nio-8080-exec-9] c.n.c.c.a.ExceptionAdvice [ExceptionAdvice.java:27] 服务器发生异常：Failed to convert value of type 'java.lang.String' to required type 'int'; nested exception is java.lang.NumberFormatException: For input string: "userId"
2024-01-24 14:41:24,079 ERROR [http-nio-8080-exec-9] c.n.c.c.a.ExceptionAdvice [ExceptionAdvice.java:29] org.springframework.web.method.annotation.AbstractNamedValueMethodArgumentResolver.resolveArgument(AbstractNamedValueMethodArgumentResolver.java:132)
2024-01-24 14:41:24,079 ERROR [http-nio-8080-exec-9] c.n.c.c.a.ExceptionAdvice [ExceptionAdvice.java:29] org.springframework.web.method.support.HandlerMethodArgumentResolverComposite.resolveArgument(HandlerMethodArgumentResolverComposite.java:126)
2024-01-24 14:41:24,080 ERROR [http-nio-8080-exec-9] c.n.c.c.a.ExceptionAdvice [ExceptionAdvice.java:29] org.springframework.web.method.support.InvocableHandlerMethod.getMethodArgumentValues(InvocableHandlerMethod.java:167)
2024-01-24 14:41:24,080 ERROR [http-nio-8080-exec-9] c.n.c.c.a.ExceptionAdvice [ExceptionAdvice.java:29] org.springframework.web.method.support.InvocableHandlerMethod.invokeForRequest(InvocableHandlerMethod.java:134)
2024-01-24 14:41:24,080 ERROR [http-nio-8080-exec-9] c.n.c.c.a.ExceptionAdvice [ExceptionAdvice.java:29] org.springframework.web.servlet.mvc.method.annotation.ServletInvocableHandlerMethod.invokeAndHandle(ServletInvocableHandlerMethod.java:104)
2024-01-24 14:41:24,080 ERROR [http-nio-8080-exec-9] c.n.c.c.a.ExceptionAdvice [ExceptionAdvice.java:29] org.springframework.web.servlet.mvc.method.annotation.RequestMappingHandlerAdapter.invokeHandlerMethod(RequestMappingHandlerAdapter.java:892)
2024-01-24 14:41:24,080 ERROR [http-nio-8080-exec-9] c.n.c.c.a.ExceptionAdvice [ExceptionAdvice.java:29] org.springframework.web.servlet.mvc.method.annotation.RequestMappingHandlerAdapter.handleInternal(RequestMappingHandlerAdapter.java:797)
2024-01-24 14:41:24,080 ERROR [http-nio-8080-exec-9] c.n.c.c.a.ExceptionAdvice [ExceptionAdvice.java:29] org.springframework.web.servlet.mvc.method.AbstractHandlerMethodAdapter.handle(AbstractHandlerMethodAdapter.java:87)
2024-01-24 14:41:24,080 ERROR [http-nio-8080-exec-9] c.n.c.c.a.ExceptionAdvice [ExceptionAdvice.java:29] org.springframework.web.servlet.DispatcherServlet.doDispatch(DispatcherServlet.java:1039)
2024-01-24 14:41:24,080 ERROR [http-nio-8080-exec-9] c.n.c.c.a.ExceptionAdvice [ExceptionAdvice.java:29] org.springframework.web.servlet.DispatcherServlet.doService(DispatcherServlet.java:942)
2024-01-24 14:41:24,080 ERROR [http-nio-8080-exec-9] c.n.c.c.a.ExceptionAdvice [ExceptionAdvice.java:29] org.springframework.web.servlet.FrameworkServlet.processRequest(FrameworkServlet.java:1005)
2024-01-24 14:41:24,080 ERROR [http-nio-8080-exec-9] c.n.c.c.a.ExceptionAdvice [ExceptionAdvice.java:29] org.springframework.web.servlet.FrameworkServlet.doGet(FrameworkServlet.java:897)
2024-01-24 14:41:24,081 ERROR [http-nio-8080-exec-9] c.n.c.c.a.ExceptionAdvice [ExceptionAdvice.java:29] javax.servlet.http.HttpServlet.service(HttpServlet.java:634)
2024-01-24 14:41:24,081 ERROR [http-nio-8080-exec-9] c.n.c.c.a.ExceptionAdvice [ExceptionAdvice.java:29] org.springframework.web.servlet.FrameworkServlet.service(FrameworkServlet.java:882)
2024-01-24 14:41:24,081 ERROR [http-nio-8080-exec-9] c.n.c.c.a.ExceptionAdvice [ExceptionAdvice.java:29] javax.servlet.http.HttpServlet.service(HttpServlet.java:741)
2024-01-24 14:41:24,081 ERROR [http-nio-8080-exec-9] c.n.c.c.a.ExceptionAdvice [ExceptionAdvice.java:29] org.apache.catalina.core.ApplicationFilterChain.internalDoFilter(ApplicationFilterChain.java:231)
2024-01-24 14:41:24,081 ERROR [http-nio-8080-exec-9] c.n.c.c.a.ExceptionAdvice [ExceptionAdvice.java:29] org.apache.catalina.core.ApplicationFilterChain.doFilter(ApplicationFilterChain.java:166)
2024-01-24 14:41:24,081 ERROR [http-nio-8080-exec-9] c.n.c.c.a.ExceptionAdvice [ExceptionAdvice.java:29] org.apache.tomcat.websocket.server.WsFilter.doFilter(WsFilter.java:53)
2024-01-24 14:41:24,081 ERROR [http-nio-8080-exec-9] c.n.c.c.a.ExceptionAdvice [ExceptionAdvice.java:29] org.apache.catalina.core.ApplicationFilterChain.internalDoFilter(ApplicationFilterChain.java:193)
2024-01-24 14:41:24,081 ERROR [http-nio-8080-exec-9] c.n.c.c.a.ExceptionAdvice [ExceptionAdvice.java:29] org.apache.catalina.core.ApplicationFilterChain.doFilter(ApplicationFilterChain.java:166)
2024-01-24 14:41:24,081 ERROR [http-nio-8080-exec-9] c.n.c.c.a.ExceptionAdvice [ExceptionAdvice.java:29] org.springframework.web.filter.RequestContextFilter.doFilterInternal(RequestContextFilter.java:99)
2024-01-24 14:41:24,081 ERROR [http-nio-8080-exec-9] c.n.c.c.a.ExceptionAdvice [ExceptionAdvice.java:29] org.springframework.web.filter.OncePerRequestFilter.doFilter(OncePerRequestFilter.java:107)
2024-01-24 14:41:24,081 ERROR [http-nio-8080-exec-9] c.n.c.c.a.ExceptionAdvice [ExceptionAdvice.java:29] org.apache.catalina.core.ApplicationFilterChain.internalDoFilter(ApplicationFilterChain.java:193)
2024-01-24 14:41:24,081 ERROR [http-nio-8080-exec-9] c.n.c.c.a.ExceptionAdvice [ExceptionAdvice.java:29] org.apache.catalina.core.ApplicationFilterChain.doFilter(ApplicationFilterChain.java:166)
2024-01-24 14:41:24,081 ERROR [http-nio-8080-exec-9] c.n.c.c.a.ExceptionAdvice [ExceptionAdvice.java:29] org.springframework.web.filter.FormContentFilter.doFilterInternal(FormContentFilter.java:92)
2024-01-24 14:41:24,081 ERROR [http-nio-8080-exec-9] c.n.c.c.a.ExceptionAdvice [ExceptionAdvice.java:29] org.springframework.web.filter.OncePerRequestFilter.doFilter(OncePerRequestFilter.java:107)
2024-01-24 14:41:24,081 ERROR [http-nio-8080-exec-9] c.n.c.c.a.ExceptionAdvice [ExceptionAdvice.java:29] org.apache.catalina.core.ApplicationFilterChain.internalDoFilter(ApplicationFilterChain.java:193)
2024-01-24 14:41:24,082 ERROR [http-nio-8080-exec-9] c.n.c.c.a.ExceptionAdvice [ExceptionAdvice.java:29] org.apache.catalina.core.ApplicationFilterChain.doFilter(ApplicationFilterChain.java:166)
2024-01-24 14:41:24,082 ERROR [http-nio-8080-exec-9] c.n.c.c.a.ExceptionAdvice [ExceptionAdvice.java:29] org.springframework.web.filter.HiddenHttpMethodFilter.doFilterInternal(HiddenHttpMethodFilter.java:93)
2024-01-24 14:41:24,082 ERROR [http-nio-8080-exec-9] c.n.c.c.a.ExceptionAdvice [ExceptionAdvice.java:29] org.springframework.web.filter.OncePerRequestFilter.doFilter(OncePerRequestFilter.java:107)
2024-01-24 14:41:24,082 ERROR [http-nio-8080-exec-9] c.n.c.c.a.ExceptionAdvice [ExceptionAdvice.java:29] org.apache.catalina.core.ApplicationFilterChain.internalDoFilter(ApplicationFilterChain.java:193)
2024-01-24 14:41:24,082 ERROR [http-nio-8080-exec-9] c.n.c.c.a.ExceptionAdvice [ExceptionAdvice.java:29] org.apache.catalina.core.ApplicationFilterChain.doFilter(ApplicationFilterChain.java:166)
2024-01-24 14:41:24,082 ERROR [http-nio-8080-exec-9] c.n.c.c.a.ExceptionAdvice [ExceptionAdvice.java:29] org.springframework.web.filter.CharacterEncodingFilter.doFilterInternal(CharacterEncodingFilter.java:200)
2024-01-24 14:41:24,082 ERROR [http-nio-8080-exec-9] c.n.c.c.a.ExceptionAdvice [ExceptionAdvice.java:29] org.springframework.web.filter.OncePerRequestFilter.doFilter(OncePerRequestFilter.java:107)
2024-01-24 14:41:24,082 ERROR [http-nio-8080-exec-9] c.n.c.c.a.ExceptionAdvice [ExceptionAdvice.java:29] org.apache.catalina.core.ApplicationFilterChain.internalDoFilter(ApplicationFilterChain.java:193)
2024-01-24 14:41:24,082 ERROR [http-nio-8080-exec-9] c.n.c.c.a.ExceptionAdvice [ExceptionAdvice.java:29] org.apache.catalina.core.ApplicationFilterChain.doFilter(ApplicationFilterChain.java:166)
2024-01-24 14:41:24,082 ERROR [http-nio-8080-exec-9] c.n.c.c.a.ExceptionAdvice [ExceptionAdvice.java:29] org.apache.catalina.core.StandardWrapperValve.invoke(StandardWrapperValve.java:200)
2024-01-24 14:41:24,082 ERROR [http-nio-8080-exec-9] c.n.c.c.a.ExceptionAdvice [ExceptionAdvice.java:29] org.apache.catalina.core.StandardContextValve.invoke(StandardContextValve.java:96)
2024-01-24 14:41:24,082 ERROR [http-nio-8080-exec-9] c.n.c.c.a.ExceptionAdvice [ExceptionAdvice.java:29] org.apache.catalina.authenticator.AuthenticatorBase.invoke(AuthenticatorBase.java:490)
2024-01-24 14:41:24,082 ERROR [http-nio-8080-exec-9] c.n.c.c.a.ExceptionAdvice [ExceptionAdvice.java:29] org.apache.catalina.core.StandardHostValve.invoke(StandardHostValve.java:139)
2024-01-24 14:41:24,082 ERROR [http-nio-8080-exec-9] c.n.c.c.a.ExceptionAdvice [ExceptionAdvice.java:29] org.apache.catalina.valves.ErrorReportValve.invoke(ErrorReportValve.java:92)
2024-01-24 14:41:24,083 ERROR [http-nio-8080-exec-9] c.n.c.c.a.ExceptionAdvice [ExceptionAdvice.java:29] org.apache.catalina.core.StandardEngineValve.invoke(StandardEngineValve.java:74)
2024-01-24 14:41:24,083 ERROR [http-nio-8080-exec-9] c.n.c.c.a.ExceptionAdvice [ExceptionAdvice.java:29] org.apache.catalina.connector.CoyoteAdapter.service(CoyoteAdapter.java:343)
2024-01-24 14:41:24,083 ERROR [http-nio-8080-exec-9] c.n.c.c.a.ExceptionAdvice [ExceptionAdvice.java:29] org.apache.coyote.http11.Http11Processor.service(Http11Processor.java:408)
2024-01-24 14:41:24,083 ERROR [http-nio-8080-exec-9] c.n.c.c.a.ExceptionAdvice [ExceptionAdvice.java:29] org.apache.coyote.AbstractProcessorLight.process(AbstractProcessorLight.java:66)
2024-01-24 14:41:24,083 ERROR [http-nio-8080-exec-9] c.n.c.c.a.ExceptionAdvice [ExceptionAdvice.java:29] org.apache.coyote.AbstractProtocol$ConnectionHandler.process(AbstractProtocol.java:836)
2024-01-24 14:41:24,083 ERROR [http-nio-8080-exec-9] c.n.c.c.a.ExceptionAdvice [ExceptionAdvice.java:29] org.apache.tomcat.util.net.NioEndpoint$SocketProcessor.doRun(NioEndpoint.java:1747)
2024-01-24 14:41:24,083 ERROR [http-nio-8080-exec-9] c.n.c.c.a.ExceptionAdvice [ExceptionAdvice.java:29] org.apache.tomcat.util.net.SocketProcessorBase.run(SocketProcessorBase.java:49)
2024-01-24 14:41:24,083 ERROR [http-nio-8080-exec-9] c.n.c.c.a.ExceptionAdvice [ExceptionAdvice.java:29] java.base/java.util.concurrent.ThreadPoolExecutor.runWorker(ThreadPoolExecutor.java:1128)
2024-01-24 14:41:24,083 ERROR [http-nio-8080-exec-9] c.n.c.c.a.ExceptionAdvice [ExceptionAdvice.java:29] java.base/java.util.concurrent.ThreadPoolExecutor$Worker.run(ThreadPoolExecutor.java:628)
2024-01-24 14:41:24,083 ERROR [http-nio-8080-exec-9] c.n.c.c.a.ExceptionAdvice [ExceptionAdvice.java:29] org.apache.tomcat.util.threads.TaskThread$WrappingRunnable.run(TaskThread.java:61)
2024-01-24 14:41:24,083 ERROR [http-nio-8080-exec-9] c.n.c.c.a.ExceptionAdvice [ExceptionAdvice.java:29] java.base/java.lang.Thread.run(Thread.java:834)
2024-01-24 14:41:30,423 ERROR [http-nio-8080-exec-1] c.n.c.c.a.ExceptionAdvice [ExceptionAdvice.java:27] 服务器发生异常：Failed to convert value of type 'java.lang.String' to required type 'int'; nested exception is java.lang.NumberFormatException: For input string: "userId"
2024-01-24 14:41:30,425 ERROR [http-nio-8080-exec-1] c.n.c.c.a.ExceptionAdvice [ExceptionAdvice.java:29] org.springframework.web.method.annotation.AbstractNamedValueMethodArgumentResolver.resolveArgument(AbstractNamedValueMethodArgumentResolver.java:132)
2024-01-24 14:41:30,425 ERROR [http-nio-8080-exec-1] c.n.c.c.a.ExceptionAdvice [ExceptionAdvice.java:29] org.springframework.web.method.support.HandlerMethodArgumentResolverComposite.resolveArgument(HandlerMethodArgumentResolverComposite.java:126)
2024-01-24 14:41:30,425 ERROR [http-nio-8080-exec-1] c.n.c.c.a.ExceptionAdvice [ExceptionAdvice.java:29] org.springframework.web.method.support.InvocableHandlerMethod.getMethodArgumentValues(InvocableHandlerMethod.java:167)
2024-01-24 14:41:30,425 ERROR [http-nio-8080-exec-1] c.n.c.c.a.ExceptionAdvice [ExceptionAdvice.java:29] org.springframework.web.method.support.InvocableHandlerMethod.invokeForRequest(InvocableHandlerMethod.java:134)
2024-01-24 14:41:30,425 ERROR [http-nio-8080-exec-1] c.n.c.c.a.ExceptionAdvice [ExceptionAdvice.java:29] org.springframework.web.servlet.mvc.method.annotation.ServletInvocableHandlerMethod.invokeAndHandle(ServletInvocableHandlerMethod.java:104)
2024-01-24 14:41:30,425 ERROR [http-nio-8080-exec-1] c.n.c.c.a.ExceptionAdvice [ExceptionAdvice.java:29] org.springframework.web.servlet.mvc.method.annotation.RequestMappingHandlerAdapter.invokeHandlerMethod(RequestMappingHandlerAdapter.java:892)
2024-01-24 14:41:30,425 ERROR [http-nio-8080-exec-1] c.n.c.c.a.ExceptionAdvice [ExceptionAdvice.java:29] org.springframework.web.servlet.mvc.method.annotation.RequestMappingHandlerAdapter.handleInternal(RequestMappingHandlerAdapter.java:797)
2024-01-24 14:41:30,425 ERROR [http-nio-8080-exec-1] c.n.c.c.a.ExceptionAdvice [ExceptionAdvice.java:29] org.springframework.web.servlet.mvc.method.AbstractHandlerMethodAdapter.handle(AbstractHandlerMethodAdapter.java:87)
2024-01-24 14:41:30,425 ERROR [http-nio-8080-exec-1] c.n.c.c.a.ExceptionAdvice [ExceptionAdvice.java:29] org.springframework.web.servlet.DispatcherServlet.doDispatch(DispatcherServlet.java:1039)
2024-01-24 14:41:30,425 ERROR [http-nio-8080-exec-1] c.n.c.c.a.ExceptionAdvice [ExceptionAdvice.java:29] org.springframework.web.servlet.DispatcherServlet.doService(DispatcherServlet.java:942)
2024-01-24 14:41:30,425 ERROR [http-nio-8080-exec-1] c.n.c.c.a.ExceptionAdvice [ExceptionAdvice.java:29] org.springframework.web.servlet.FrameworkServlet.processRequest(FrameworkServlet.java:1005)
2024-01-24 14:41:30,425 ERROR [http-nio-8080-exec-1] c.n.c.c.a.ExceptionAdvice [ExceptionAdvice.java:29] org.springframework.web.servlet.FrameworkServlet.doGet(FrameworkServlet.java:897)
2024-01-24 14:41:30,425 ERROR [http-nio-8080-exec-1] c.n.c.c.a.ExceptionAdvice [ExceptionAdvice.java:29] javax.servlet.http.HttpServlet.service(HttpServlet.java:634)
2024-01-24 14:41:30,426 ERROR [http-nio-8080-exec-1] c.n.c.c.a.ExceptionAdvice [ExceptionAdvice.java:29] org.springframework.web.servlet.FrameworkServlet.service(FrameworkServlet.java:882)
2024-01-24 14:41:30,426 ERROR [http-nio-8080-exec-1] c.n.c.c.a.ExceptionAdvice [ExceptionAdvice.java:29] javax.servlet.http.HttpServlet.service(HttpServlet.java:741)
2024-01-24 14:41:30,426 ERROR [http-nio-8080-exec-1] c.n.c.c.a.ExceptionAdvice [ExceptionAdvice.java:29] org.apache.catalina.core.ApplicationFilterChain.internalDoFilter(ApplicationFilterChain.java:231)
2024-01-24 14:41:30,426 ERROR [http-nio-8080-exec-1] c.n.c.c.a.ExceptionAdvice [ExceptionAdvice.java:29] org.apache.catalina.core.ApplicationFilterChain.doFilter(ApplicationFilterChain.java:166)
2024-01-24 14:41:30,426 ERROR [http-nio-8080-exec-1] c.n.c.c.a.ExceptionAdvice [ExceptionAdvice.java:29] org.apache.tomcat.websocket.server.WsFilter.doFilter(WsFilter.java:53)
2024-01-24 14:41:30,426 ERROR [http-nio-8080-exec-1] c.n.c.c.a.ExceptionAdvice [ExceptionAdvice.java:29] org.apache.catalina.core.ApplicationFilterChain.internalDoFilter(ApplicationFilterChain.java:193)
2024-01-24 14:41:30,426 ERROR [http-nio-8080-exec-1] c.n.c.c.a.ExceptionAdvice [ExceptionAdvice.java:29] org.apache.catalina.core.ApplicationFilterChain.doFilter(ApplicationFilterChain.java:166)
2024-01-24 14:41:30,426 ERROR [http-nio-8080-exec-1] c.n.c.c.a.ExceptionAdvice [ExceptionAdvice.java:29] org.springframework.web.filter.RequestContextFilter.doFilterInternal(RequestContextFilter.java:99)
2024-01-24 14:41:30,426 ERROR [http-nio-8080-exec-1] c.n.c.c.a.ExceptionAdvice [ExceptionAdvice.java:29] org.springframework.web.filter.OncePerRequestFilter.doFilter(OncePerRequestFilter.java:107)
2024-01-24 14:41:30,426 ERROR [http-nio-8080-exec-1] c.n.c.c.a.ExceptionAdvice [ExceptionAdvice.java:29] org.apache.catalina.core.ApplicationFilterChain.internalDoFilter(ApplicationFilterChain.java:193)
2024-01-24 14:41:30,426 ERROR [http-nio-8080-exec-1] c.n.c.c.a.ExceptionAdvice [ExceptionAdvice.java:29] org.apache.catalina.core.ApplicationFilterChain.doFilter(ApplicationFilterChain.java:166)
2024-01-24 14:41:30,426 ERROR [http-nio-8080-exec-1] c.n.c.c.a.ExceptionAdvice [ExceptionAdvice.java:29] org.springframework.web.filter.FormContentFilter.doFilterInternal(FormContentFilter.java:92)
2024-01-24 14:41:30,426 ERROR [http-nio-8080-exec-1] c.n.c.c.a.ExceptionAdvice [ExceptionAdvice.java:29] org.springframework.web.filter.OncePerRequestFilter.doFilter(OncePerRequestFilter.java:107)
2024-01-24 14:41:30,426 ERROR [http-nio-8080-exec-1] c.n.c.c.a.ExceptionAdvice [ExceptionAdvice.java:29] org.apache.catalina.core.ApplicationFilterChain.internalDoFilter(ApplicationFilterChain.java:193)
2024-01-24 14:41:30,427 ERROR [http-nio-8080-exec-1] c.n.c.c.a.ExceptionAdvice [ExceptionAdvice.java:29] org.apache.catalina.core.ApplicationFilterChain.doFilter(ApplicationFilterChain.java:166)
2024-01-24 14:41:30,427 ERROR [http-nio-8080-exec-1] c.n.c.c.a.ExceptionAdvice [ExceptionAdvice.java:29] org.springframework.web.filter.HiddenHttpMethodFilter.doFilterInternal(HiddenHttpMethodFilter.java:93)
2024-01-24 14:41:30,427 ERROR [http-nio-8080-exec-1] c.n.c.c.a.ExceptionAdvice [ExceptionAdvice.java:29] org.springframework.web.filter.OncePerRequestFilter.doFilter(OncePerRequestFilter.java:107)
2024-01-24 14:41:30,427 ERROR [http-nio-8080-exec-1] c.n.c.c.a.ExceptionAdvice [ExceptionAdvice.java:29] org.apache.catalina.core.ApplicationFilterChain.internalDoFilter(ApplicationFilterChain.java:193)
2024-01-24 14:41:30,427 ERROR [http-nio-8080-exec-1] c.n.c.c.a.ExceptionAdvice [ExceptionAdvice.java:29] org.apache.catalina.core.ApplicationFilterChain.doFilter(ApplicationFilterChain.java:166)
2024-01-24 14:41:30,427 ERROR [http-nio-8080-exec-1] c.n.c.c.a.ExceptionAdvice [ExceptionAdvice.java:29] org.springframework.web.filter.CharacterEncodingFilter.doFilterInternal(CharacterEncodingFilter.java:200)
2024-01-24 14:41:30,427 ERROR [http-nio-8080-exec-1] c.n.c.c.a.ExceptionAdvice [ExceptionAdvice.java:29] org.springframework.web.filter.OncePerRequestFilter.doFilter(OncePerRequestFilter.java:107)
2024-01-24 14:41:30,427 ERROR [http-nio-8080-exec-1] c.n.c.c.a.ExceptionAdvice [ExceptionAdvice.java:29] org.apache.catalina.core.ApplicationFilterChain.internalDoFilter(ApplicationFilterChain.java:193)
2024-01-24 14:41:30,427 ERROR [http-nio-8080-exec-1] c.n.c.c.a.ExceptionAdvice [ExceptionAdvice.java:29] org.apache.catalina.core.ApplicationFilterChain.doFilter(ApplicationFilterChain.java:166)
2024-01-24 14:41:30,427 ERROR [http-nio-8080-exec-1] c.n.c.c.a.ExceptionAdvice [ExceptionAdvice.java:29] org.apache.catalina.core.StandardWrapperValve.invoke(StandardWrapperValve.java:200)
2024-01-24 14:41:30,427 ERROR [http-nio-8080-exec-1] c.n.c.c.a.ExceptionAdvice [ExceptionAdvice.java:29] org.apache.catalina.core.StandardContextValve.invoke(StandardContextValve.java:96)
2024-01-24 14:41:30,427 ERROR [http-nio-8080-exec-1] c.n.c.c.a.ExceptionAdvice [ExceptionAdvice.java:29] org.apache.catalina.authenticator.AuthenticatorBase.invoke(AuthenticatorBase.java:490)
2024-01-24 14:41:30,427 ERROR [http-nio-8080-exec-1] c.n.c.c.a.ExceptionAdvice [ExceptionAdvice.java:29] org.apache.catalina.core.StandardHostValve.invoke(StandardHostValve.java:139)
2024-01-24 14:41:30,427 ERROR [http-nio-8080-exec-1] c.n.c.c.a.ExceptionAdvice [ExceptionAdvice.java:29] org.apache.catalina.valves.ErrorReportValve.invoke(ErrorReportValve.java:92)
2024-01-24 14:41:30,427 ERROR [http-nio-8080-exec-1] c.n.c.c.a.ExceptionAdvice [ExceptionAdvice.java:29] org.apache.catalina.core.StandardEngineValve.invoke(StandardEngineValve.java:74)
2024-01-24 14:41:30,427 ERROR [http-nio-8080-exec-1] c.n.c.c.a.ExceptionAdvice [ExceptionAdvice.java:29] org.apache.catalina.connector.CoyoteAdapter.service(CoyoteAdapter.java:343)
2024-01-24 14:41:30,428 ERROR [http-nio-8080-exec-1] c.n.c.c.a.ExceptionAdvice [ExceptionAdvice.java:29] org.apache.coyote.http11.Http11Processor.service(Http11Processor.java:408)
2024-01-24 14:41:30,428 ERROR [http-nio-8080-exec-1] c.n.c.c.a.ExceptionAdvice [ExceptionAdvice.java:29] org.apache.coyote.AbstractProcessorLight.process(AbstractProcessorLight.java:66)
2024-01-24 14:41:30,428 ERROR [http-nio-8080-exec-1] c.n.c.c.a.ExceptionAdvice [ExceptionAdvice.java:29] org.apache.coyote.AbstractProtocol$ConnectionHandler.process(AbstractProtocol.java:836)
2024-01-24 14:41:30,428 ERROR [http-nio-8080-exec-1] c.n.c.c.a.ExceptionAdvice [ExceptionAdvice.java:29] org.apache.tomcat.util.net.NioEndpoint$SocketProcessor.doRun(NioEndpoint.java:1747)
2024-01-24 14:41:30,428 ERROR [http-nio-8080-exec-1] c.n.c.c.a.ExceptionAdvice [ExceptionAdvice.java:29] org.apache.tomcat.util.net.SocketProcessorBase.run(SocketProcessorBase.java:49)
2024-01-24 14:41:30,428 ERROR [http-nio-8080-exec-1] c.n.c.c.a.ExceptionAdvice [ExceptionAdvice.java:29] java.base/java.util.concurrent.ThreadPoolExecutor.runWorker(ThreadPoolExecutor.java:1128)
2024-01-24 14:41:30,428 ERROR [http-nio-8080-exec-1] c.n.c.c.a.ExceptionAdvice [ExceptionAdvice.java:29] java.base/java.util.concurrent.ThreadPoolExecutor$Worker.run(ThreadPoolExecutor.java:628)
2024-01-24 14:41:30,428 ERROR [http-nio-8080-exec-1] c.n.c.c.a.ExceptionAdvice [ExceptionAdvice.java:29] org.apache.tomcat.util.threads.TaskThread$WrappingRunnable.run(TaskThread.java:61)
2024-01-24 14:41:30,428 ERROR [http-nio-8080-exec-1] c.n.c.c.a.ExceptionAdvice [ExceptionAdvice.java:29] java.base/java.lang.Thread.run(Thread.java:834)
2024-01-24 14:42:20,953 ERROR [http-nio-8080-exec-7] c.n.c.c.a.ExceptionAdvice [ExceptionAdvice.java:27] 服务器发生异常：Failed to convert value of type 'java.lang.String' to required type 'int'; nested exception is java.lang.NumberFormatException: For input string: "userId"
2024-01-24 14:42:20,955 ERROR [http-nio-8080-exec-7] c.n.c.c.a.ExceptionAdvice [ExceptionAdvice.java:29] org.springframework.web.method.annotation.AbstractNamedValueMethodArgumentResolver.resolveArgument(AbstractNamedValueMethodArgumentResolver.java:132)
2024-01-24 14:42:20,955 ERROR [http-nio-8080-exec-7] c.n.c.c.a.ExceptionAdvice [ExceptionAdvice.java:29] org.springframework.web.method.support.HandlerMethodArgumentResolverComposite.resolveArgument(HandlerMethodArgumentResolverComposite.java:126)
2024-01-24 14:42:20,955 ERROR [http-nio-8080-exec-7] c.n.c.c.a.ExceptionAdvice [ExceptionAdvice.java:29] org.springframework.web.method.support.InvocableHandlerMethod.getMethodArgumentValues(InvocableHandlerMethod.java:167)
2024-01-24 14:42:20,955 ERROR [http-nio-8080-exec-7] c.n.c.c.a.ExceptionAdvice [ExceptionAdvice.java:29] org.springframework.web.method.support.InvocableHandlerMethod.invokeForRequest(InvocableHandlerMethod.java:134)
2024-01-24 14:42:20,955 ERROR [http-nio-8080-exec-7] c.n.c.c.a.ExceptionAdvice [ExceptionAdvice.java:29] org.springframework.web.servlet.mvc.method.annotation.ServletInvocableHandlerMethod.invokeAndHandle(ServletInvocableHandlerMethod.java:104)
2024-01-24 14:42:20,955 ERROR [http-nio-8080-exec-7] c.n.c.c.a.ExceptionAdvice [ExceptionAdvice.java:29] org.springframework.web.servlet.mvc.method.annotation.RequestMappingHandlerAdapter.invokeHandlerMethod(RequestMappingHandlerAdapter.java:892)
2024-01-24 14:42:20,957 ERROR [http-nio-8080-exec-7] c.n.c.c.a.ExceptionAdvice [ExceptionAdvice.java:29] org.springframework.web.servlet.mvc.method.annotation.RequestMappingHandlerAdapter.handleInternal(RequestMappingHandlerAdapter.java:797)
2024-01-24 14:42:20,958 ERROR [http-nio-8080-exec-7] c.n.c.c.a.ExceptionAdvice [ExceptionAdvice.java:29] org.springframework.web.servlet.mvc.method.AbstractHandlerMethodAdapter.handle(AbstractHandlerMethodAdapter.java:87)
2024-01-24 14:42:20,958 ERROR [http-nio-8080-exec-7] c.n.c.c.a.ExceptionAdvice [ExceptionAdvice.java:29] org.springframework.web.servlet.DispatcherServlet.doDispatch(DispatcherServlet.java:1039)
2024-01-24 14:42:20,958 ERROR [http-nio-8080-exec-7] c.n.c.c.a.ExceptionAdvice [ExceptionAdvice.java:29] org.springframework.web.servlet.DispatcherServlet.doService(DispatcherServlet.java:942)
2024-01-24 14:42:20,958 ERROR [http-nio-8080-exec-7] c.n.c.c.a.ExceptionAdvice [ExceptionAdvice.java:29] org.springframework.web.servlet.FrameworkServlet.processRequest(FrameworkServlet.java:1005)
2024-01-24 14:42:20,958 ERROR [http-nio-8080-exec-7] c.n.c.c.a.ExceptionAdvice [ExceptionAdvice.java:29] org.springframework.web.servlet.FrameworkServlet.doGet(FrameworkServlet.java:897)
2024-01-24 14:42:20,958 ERROR [http-nio-8080-exec-7] c.n.c.c.a.ExceptionAdvice [ExceptionAdvice.java:29] javax.servlet.http.HttpServlet.service(HttpServlet.java:634)
2024-01-24 14:42:20,958 ERROR [http-nio-8080-exec-7] c.n.c.c.a.ExceptionAdvice [ExceptionAdvice.java:29] org.springframework.web.servlet.FrameworkServlet.service(FrameworkServlet.java:882)
2024-01-24 14:42:20,958 ERROR [http-nio-8080-exec-7] c.n.c.c.a.ExceptionAdvice [ExceptionAdvice.java:29] javax.servlet.http.HttpServlet.service(HttpServlet.java:741)
2024-01-24 14:42:20,958 ERROR [http-nio-8080-exec-7] c.n.c.c.a.ExceptionAdvice [ExceptionAdvice.java:29] org.apache.catalina.core.ApplicationFilterChain.internalDoFilter(ApplicationFilterChain.java:231)
2024-01-24 14:42:20,958 ERROR [http-nio-8080-exec-7] c.n.c.c.a.ExceptionAdvice [ExceptionAdvice.java:29] org.apache.catalina.core.ApplicationFilterChain.doFilter(ApplicationFilterChain.java:166)
2024-01-24 14:42:20,959 ERROR [http-nio-8080-exec-7] c.n.c.c.a.ExceptionAdvice [ExceptionAdvice.java:29] org.apache.tomcat.websocket.server.WsFilter.doFilter(WsFilter.java:53)
2024-01-24 14:42:20,959 ERROR [http-nio-8080-exec-7] c.n.c.c.a.ExceptionAdvice [ExceptionAdvice.java:29] org.apache.catalina.core.ApplicationFilterChain.internalDoFilter(ApplicationFilterChain.java:193)
2024-01-24 14:42:20,959 ERROR [http-nio-8080-exec-7] c.n.c.c.a.ExceptionAdvice [ExceptionAdvice.java:29] org.apache.catalina.core.ApplicationFilterChain.doFilter(ApplicationFilterChain.java:166)
2024-01-24 14:42:20,959 ERROR [http-nio-8080-exec-7] c.n.c.c.a.ExceptionAdvice [ExceptionAdvice.java:29] org.springframework.web.filter.RequestContextFilter.doFilterInternal(RequestContextFilter.java:99)
2024-01-24 14:42:20,959 ERROR [http-nio-8080-exec-7] c.n.c.c.a.ExceptionAdvice [ExceptionAdvice.java:29] org.springframework.web.filter.OncePerRequestFilter.doFilter(OncePerRequestFilter.java:107)
2024-01-24 14:42:20,959 ERROR [http-nio-8080-exec-7] c.n.c.c.a.ExceptionAdvice [ExceptionAdvice.java:29] org.apache.catalina.core.ApplicationFilterChain.internalDoFilter(ApplicationFilterChain.java:193)
2024-01-24 14:42:20,959 ERROR [http-nio-8080-exec-7] c.n.c.c.a.ExceptionAdvice [ExceptionAdvice.java:29] org.apache.catalina.core.ApplicationFilterChain.doFilter(ApplicationFilterChain.java:166)
2024-01-24 14:42:20,960 ERROR [http-nio-8080-exec-7] c.n.c.c.a.ExceptionAdvice [ExceptionAdvice.java:29] org.springframework.web.filter.FormContentFilter.doFilterInternal(FormContentFilter.java:92)
2024-01-24 14:42:20,960 ERROR [http-nio-8080-exec-7] c.n.c.c.a.ExceptionAdvice [ExceptionAdvice.java:29] org.springframework.web.filter.OncePerRequestFilter.doFilter(OncePerRequestFilter.java:107)
2024-01-24 14:42:20,960 ERROR [http-nio-8080-exec-7] c.n.c.c.a.ExceptionAdvice [ExceptionAdvice.java:29] org.apache.catalina.core.ApplicationFilterChain.internalDoFilter(ApplicationFilterChain.java:193)
2024-01-24 14:42:20,960 ERROR [http-nio-8080-exec-7] c.n.c.c.a.ExceptionAdvice [ExceptionAdvice.java:29] org.apache.catalina.core.ApplicationFilterChain.doFilter(ApplicationFilterChain.java:166)
2024-01-24 14:42:20,960 ERROR [http-nio-8080-exec-7] c.n.c.c.a.ExceptionAdvice [ExceptionAdvice.java:29] org.springframework.web.filter.HiddenHttpMethodFilter.doFilterInternal(HiddenHttpMethodFilter.java:93)
2024-01-24 14:42:20,960 ERROR [http-nio-8080-exec-7] c.n.c.c.a.ExceptionAdvice [ExceptionAdvice.java:29] org.springframework.web.filter.OncePerRequestFilter.doFilter(OncePerRequestFilter.java:107)
2024-01-24 14:42:20,960 ERROR [http-nio-8080-exec-7] c.n.c.c.a.ExceptionAdvice [ExceptionAdvice.java:29] org.apache.catalina.core.ApplicationFilterChain.internalDoFilter(ApplicationFilterChain.java:193)
2024-01-24 14:42:20,960 ERROR [http-nio-8080-exec-7] c.n.c.c.a.ExceptionAdvice [ExceptionAdvice.java:29] org.apache.catalina.core.ApplicationFilterChain.doFilter(ApplicationFilterChain.java:166)
2024-01-24 14:42:20,961 ERROR [http-nio-8080-exec-7] c.n.c.c.a.ExceptionAdvice [ExceptionAdvice.java:29] org.springframework.web.filter.CharacterEncodingFilter.doFilterInternal(CharacterEncodingFilter.java:200)
2024-01-24 14:42:20,961 ERROR [http-nio-8080-exec-7] c.n.c.c.a.ExceptionAdvice [ExceptionAdvice.java:29] org.springframework.web.filter.OncePerRequestFilter.doFilter(OncePerRequestFilter.java:107)
2024-01-24 14:42:20,961 ERROR [http-nio-8080-exec-7] c.n.c.c.a.ExceptionAdvice [ExceptionAdvice.java:29] org.apache.catalina.core.ApplicationFilterChain.internalDoFilter(ApplicationFilterChain.java:193)
2024-01-24 14:42:20,961 ERROR [http-nio-8080-exec-7] c.n.c.c.a.ExceptionAdvice [ExceptionAdvice.java:29] org.apache.catalina.core.ApplicationFilterChain.doFilter(ApplicationFilterChain.java:166)
2024-01-24 14:42:20,961 ERROR [http-nio-8080-exec-7] c.n.c.c.a.ExceptionAdvice [ExceptionAdvice.java:29] org.apache.catalina.core.StandardWrapperValve.invoke(StandardWrapperValve.java:200)
2024-01-24 14:42:20,961 ERROR [http-nio-8080-exec-7] c.n.c.c.a.ExceptionAdvice [ExceptionAdvice.java:29] org.apache.catalina.core.StandardContextValve.invoke(StandardContextValve.java:96)
2024-01-24 14:42:20,961 ERROR [http-nio-8080-exec-7] c.n.c.c.a.ExceptionAdvice [ExceptionAdvice.java:29] org.apache.catalina.authenticator.AuthenticatorBase.invoke(AuthenticatorBase.java:490)
2024-01-24 14:42:20,962 ERROR [http-nio-8080-exec-7] c.n.c.c.a.ExceptionAdvice [ExceptionAdvice.java:29] org.apache.catalina.core.StandardHostValve.invoke(StandardHostValve.java:139)
2024-01-24 14:42:20,962 ERROR [http-nio-8080-exec-7] c.n.c.c.a.ExceptionAdvice [ExceptionAdvice.java:29] org.apache.catalina.valves.ErrorReportValve.invoke(ErrorReportValve.java:92)
2024-01-24 14:42:20,962 ERROR [http-nio-8080-exec-7] c.n.c.c.a.ExceptionAdvice [ExceptionAdvice.java:29] org.apache.catalina.core.StandardEngineValve.invoke(StandardEngineValve.java:74)
2024-01-24 14:42:20,962 ERROR [http-nio-8080-exec-7] c.n.c.c.a.ExceptionAdvice [ExceptionAdvice.java:29] org.apache.catalina.connector.CoyoteAdapter.service(CoyoteAdapter.java:343)
2024-01-24 14:42:20,962 ERROR [http-nio-8080-exec-7] c.n.c.c.a.ExceptionAdvice [ExceptionAdvice.java:29] org.apache.coyote.http11.Http11Processor.service(Http11Processor.java:408)
2024-01-24 14:42:20,962 ERROR [http-nio-8080-exec-7] c.n.c.c.a.ExceptionAdvice [ExceptionAdvice.java:29] org.apache.coyote.AbstractProcessorLight.process(AbstractProcessorLight.java:66)
2024-01-24 14:42:20,962 ERROR [http-nio-8080-exec-7] c.n.c.c.a.ExceptionAdvice [ExceptionAdvice.java:29] org.apache.coyote.AbstractProtocol$ConnectionHandler.process(AbstractProtocol.java:836)
2024-01-24 14:42:20,962 ERROR [http-nio-8080-exec-7] c.n.c.c.a.ExceptionAdvice [ExceptionAdvice.java:29] org.apache.tomcat.util.net.NioEndpoint$SocketProcessor.doRun(NioEndpoint.java:1747)
2024-01-24 14:42:20,963 ERROR [http-nio-8080-exec-7] c.n.c.c.a.ExceptionAdvice [ExceptionAdvice.java:29] org.apache.tomcat.util.net.SocketProcessorBase.run(SocketProcessorBase.java:49)
2024-01-24 14:42:20,963 ERROR [http-nio-8080-exec-7] c.n.c.c.a.ExceptionAdvice [ExceptionAdvice.java:29] java.base/java.util.concurrent.ThreadPoolExecutor.runWorker(ThreadPoolExecutor.java:1128)
2024-01-24 14:42:20,963 ERROR [http-nio-8080-exec-7] c.n.c.c.a.ExceptionAdvice [ExceptionAdvice.java:29] java.base/java.util.concurrent.ThreadPoolExecutor$Worker.run(ThreadPoolExecutor.java:628)
2024-01-24 14:42:20,963 ERROR [http-nio-8080-exec-7] c.n.c.c.a.ExceptionAdvice [ExceptionAdvice.java:29] org.apache.tomcat.util.threads.TaskThread$WrappingRunnable.run(TaskThread.java:61)
2024-01-24 14:42:20,963 ERROR [http-nio-8080-exec-7] c.n.c.c.a.ExceptionAdvice [ExceptionAdvice.java:29] java.base/java.lang.Thread.run(Thread.java:834)
2024-01-24 14:45:32,622 ERROR [http-nio-8080-exec-7] c.n.c.c.a.ExceptionAdvice [ExceptionAdvice.java:27] 服务器发生异常：Failed to convert value of type 'java.lang.String' to required type 'int'; nested exception is java.lang.NumberFormatException: For input string: "userId"
2024-01-24 14:45:32,623 ERROR [http-nio-8080-exec-7] c.n.c.c.a.ExceptionAdvice [ExceptionAdvice.java:29] org.springframework.web.method.annotation.AbstractNamedValueMethodArgumentResolver.resolveArgument(AbstractNamedValueMethodArgumentResolver.java:132)
2024-01-24 14:45:32,623 ERROR [http-nio-8080-exec-7] c.n.c.c.a.ExceptionAdvice [ExceptionAdvice.java:29] org.springframework.web.method.support.HandlerMethodArgumentResolverComposite.resolveArgument(HandlerMethodArgumentResolverComposite.java:126)
2024-01-24 14:45:32,623 ERROR [http-nio-8080-exec-7] c.n.c.c.a.ExceptionAdvice [ExceptionAdvice.java:29] org.springframework.web.method.support.InvocableHandlerMethod.getMethodArgumentValues(InvocableHandlerMethod.java:167)
2024-01-24 14:45:32,623 ERROR [http-nio-8080-exec-7] c.n.c.c.a.ExceptionAdvice [ExceptionAdvice.java:29] org.springframework.web.method.support.InvocableHandlerMethod.invokeForRequest(InvocableHandlerMethod.java:134)
2024-01-24 14:45:32,623 ERROR [http-nio-8080-exec-7] c.n.c.c.a.ExceptionAdvice [ExceptionAdvice.java:29] org.springframework.web.servlet.mvc.method.annotation.ServletInvocableHandlerMethod.invokeAndHandle(ServletInvocableHandlerMethod.java:104)
2024-01-24 14:45:32,623 ERROR [http-nio-8080-exec-7] c.n.c.c.a.ExceptionAdvice [ExceptionAdvice.java:29] org.springframework.web.servlet.mvc.method.annotation.RequestMappingHandlerAdapter.invokeHandlerMethod(RequestMappingHandlerAdapter.java:892)
2024-01-24 14:45:32,623 ERROR [http-nio-8080-exec-7] c.n.c.c.a.ExceptionAdvice [ExceptionAdvice.java:29] org.springframework.web.servlet.mvc.method.annotation.RequestMappingHandlerAdapter.handleInternal(RequestMappingHandlerAdapter.java:797)
2024-01-24 14:45:32,623 ERROR [http-nio-8080-exec-7] c.n.c.c.a.ExceptionAdvice [ExceptionAdvice.java:29] org.springframework.web.servlet.mvc.method.AbstractHandlerMethodAdapter.handle(AbstractHandlerMethodAdapter.java:87)
2024-01-24 14:45:32,623 ERROR [http-nio-8080-exec-7] c.n.c.c.a.ExceptionAdvice [ExceptionAdvice.java:29] org.springframework.web.servlet.DispatcherServlet.doDispatch(DispatcherServlet.java:1039)
2024-01-24 14:45:32,623 ERROR [http-nio-8080-exec-7] c.n.c.c.a.ExceptionAdvice [ExceptionAdvice.java:29] org.springframework.web.servlet.DispatcherServlet.doService(DispatcherServlet.java:942)
2024-01-24 14:45:32,623 ERROR [http-nio-8080-exec-7] c.n.c.c.a.ExceptionAdvice [ExceptionAdvice.java:29] org.springframework.web.servlet.FrameworkServlet.processRequest(FrameworkServlet.java:1005)
2024-01-24 14:45:32,623 ERROR [http-nio-8080-exec-7] c.n.c.c.a.ExceptionAdvice [ExceptionAdvice.java:29] org.springframework.web.servlet.FrameworkServlet.doGet(FrameworkServlet.java:897)
2024-01-24 14:45:32,623 ERROR [http-nio-8080-exec-7] c.n.c.c.a.ExceptionAdvice [ExceptionAdvice.java:29] javax.servlet.http.HttpServlet.service(HttpServlet.java:634)
2024-01-24 14:45:32,624 ERROR [http-nio-8080-exec-7] c.n.c.c.a.ExceptionAdvice [ExceptionAdvice.java:29] org.springframework.web.servlet.FrameworkServlet.service(FrameworkServlet.java:882)
2024-01-24 14:45:32,624 ERROR [http-nio-8080-exec-7] c.n.c.c.a.ExceptionAdvice [ExceptionAdvice.java:29] javax.servlet.http.HttpServlet.service(HttpServlet.java:741)
2024-01-24 14:45:32,624 ERROR [http-nio-8080-exec-7] c.n.c.c.a.ExceptionAdvice [ExceptionAdvice.java:29] org.apache.catalina.core.ApplicationFilterChain.internalDoFilter(ApplicationFilterChain.java:231)
2024-01-24 14:45:32,624 ERROR [http-nio-8080-exec-7] c.n.c.c.a.ExceptionAdvice [ExceptionAdvice.java:29] org.apache.catalina.core.ApplicationFilterChain.doFilter(ApplicationFilterChain.java:166)
2024-01-24 14:45:32,624 ERROR [http-nio-8080-exec-7] c.n.c.c.a.ExceptionAdvice [ExceptionAdvice.java:29] org.apache.tomcat.websocket.server.WsFilter.doFilter(WsFilter.java:53)
2024-01-24 14:45:32,624 ERROR [http-nio-8080-exec-7] c.n.c.c.a.ExceptionAdvice [ExceptionAdvice.java:29] org.apache.catalina.core.ApplicationFilterChain.internalDoFilter(ApplicationFilterChain.java:193)
2024-01-24 14:45:32,624 ERROR [http-nio-8080-exec-7] c.n.c.c.a.ExceptionAdvice [ExceptionAdvice.java:29] org.apache.catalina.core.ApplicationFilterChain.doFilter(ApplicationFilterChain.java:166)
2024-01-24 14:45:32,624 ERROR [http-nio-8080-exec-7] c.n.c.c.a.ExceptionAdvice [ExceptionAdvice.java:29] org.springframework.web.filter.RequestContextFilter.doFilterInternal(RequestContextFilter.java:99)
2024-01-24 14:45:32,624 ERROR [http-nio-8080-exec-7] c.n.c.c.a.ExceptionAdvice [ExceptionAdvice.java:29] org.springframework.web.filter.OncePerRequestFilter.doFilter(OncePerRequestFilter.java:107)
2024-01-24 14:45:32,624 ERROR [http-nio-8080-exec-7] c.n.c.c.a.ExceptionAdvice [ExceptionAdvice.java:29] org.apache.catalina.core.ApplicationFilterChain.internalDoFilter(ApplicationFilterChain.java:193)
2024-01-24 14:45:32,624 ERROR [http-nio-8080-exec-7] c.n.c.c.a.ExceptionAdvice [ExceptionAdvice.java:29] org.apache.catalina.core.ApplicationFilterChain.doFilter(ApplicationFilterChain.java:166)
2024-01-24 14:45:32,624 ERROR [http-nio-8080-exec-7] c.n.c.c.a.ExceptionAdvice [ExceptionAdvice.java:29] org.springframework.web.filter.FormContentFilter.doFilterInternal(FormContentFilter.java:92)
2024-01-24 14:45:32,624 ERROR [http-nio-8080-exec-7] c.n.c.c.a.ExceptionAdvice [ExceptionAdvice.java:29] org.springframework.web.filter.OncePerRequestFilter.doFilter(OncePerRequestFilter.java:107)
2024-01-24 14:45:32,624 ERROR [http-nio-8080-exec-7] c.n.c.c.a.ExceptionAdvice [ExceptionAdvice.java:29] org.apache.catalina.core.ApplicationFilterChain.internalDoFilter(ApplicationFilterChain.java:193)
2024-01-24 14:45:32,624 ERROR [http-nio-8080-exec-7] c.n.c.c.a.ExceptionAdvice [ExceptionAdvice.java:29] org.apache.catalina.core.ApplicationFilterChain.doFilter(ApplicationFilterChain.java:166)
2024-01-24 14:45:32,624 ERROR [http-nio-8080-exec-7] c.n.c.c.a.ExceptionAdvice [ExceptionAdvice.java:29] org.springframework.web.filter.HiddenHttpMethodFilter.doFilterInternal(HiddenHttpMethodFilter.java:93)
2024-01-24 14:45:32,624 ERROR [http-nio-8080-exec-7] c.n.c.c.a.ExceptionAdvice [ExceptionAdvice.java:29] org.springframework.web.filter.OncePerRequestFilter.doFilter(OncePerRequestFilter.java:107)
2024-01-24 14:45:32,625 ERROR [http-nio-8080-exec-7] c.n.c.c.a.ExceptionAdvice [ExceptionAdvice.java:29] org.apache.catalina.core.ApplicationFilterChain.internalDoFilter(ApplicationFilterChain.java:193)
2024-01-24 14:45:32,625 ERROR [http-nio-8080-exec-7] c.n.c.c.a.ExceptionAdvice [ExceptionAdvice.java:29] org.apache.catalina.core.ApplicationFilterChain.doFilter(ApplicationFilterChain.java:166)
2024-01-24 14:45:32,625 ERROR [http-nio-8080-exec-7] c.n.c.c.a.ExceptionAdvice [ExceptionAdvice.java:29] org.springframework.web.filter.CharacterEncodingFilter.doFilterInternal(CharacterEncodingFilter.java:200)
2024-01-24 14:45:32,625 ERROR [http-nio-8080-exec-7] c.n.c.c.a.ExceptionAdvice [ExceptionAdvice.java:29] org.springframework.web.filter.OncePerRequestFilter.doFilter(OncePerRequestFilter.java:107)
2024-01-24 14:45:32,625 ERROR [http-nio-8080-exec-7] c.n.c.c.a.ExceptionAdvice [ExceptionAdvice.java:29] org.apache.catalina.core.ApplicationFilterChain.internalDoFilter(ApplicationFilterChain.java:193)
2024-01-24 14:45:32,625 ERROR [http-nio-8080-exec-7] c.n.c.c.a.ExceptionAdvice [ExceptionAdvice.java:29] org.apache.catalina.core.ApplicationFilterChain.doFilter(ApplicationFilterChain.java:166)
2024-01-24 14:45:32,625 ERROR [http-nio-8080-exec-7] c.n.c.c.a.ExceptionAdvice [ExceptionAdvice.java:29] org.apache.catalina.core.StandardWrapperValve.invoke(StandardWrapperValve.java:200)
2024-01-24 14:45:32,625 ERROR [http-nio-8080-exec-7] c.n.c.c.a.ExceptionAdvice [ExceptionAdvice.java:29] org.apache.catalina.core.StandardContextValve.invoke(StandardContextValve.java:96)
2024-01-24 14:45:32,625 ERROR [http-nio-8080-exec-7] c.n.c.c.a.ExceptionAdvice [ExceptionAdvice.java:29] org.apache.catalina.authenticator.AuthenticatorBase.invoke(AuthenticatorBase.java:490)
2024-01-24 14:45:32,625 ERROR [http-nio-8080-exec-7] c.n.c.c.a.ExceptionAdvice [ExceptionAdvice.java:29] org.apache.catalina.core.StandardHostValve.invoke(StandardHostValve.java:139)
2024-01-24 14:45:32,625 ERROR [http-nio-8080-exec-7] c.n.c.c.a.ExceptionAdvice [ExceptionAdvice.java:29] org.apache.catalina.valves.ErrorReportValve.invoke(ErrorReportValve.java:92)
2024-01-24 14:45:32,625 ERROR [http-nio-8080-exec-7] c.n.c.c.a.ExceptionAdvice [ExceptionAdvice.java:29] org.apache.catalina.core.StandardEngineValve.invoke(StandardEngineValve.java:74)
2024-01-24 14:45:32,625 ERROR [http-nio-8080-exec-7] c.n.c.c.a.ExceptionAdvice [ExceptionAdvice.java:29] org.apache.catalina.connector.CoyoteAdapter.service(CoyoteAdapter.java:343)
2024-01-24 14:45:32,626 ERROR [http-nio-8080-exec-7] c.n.c.c.a.ExceptionAdvice [ExceptionAdvice.java:29] org.apache.coyote.http11.Http11Processor.service(Http11Processor.java:408)
2024-01-24 14:45:32,626 ERROR [http-nio-8080-exec-7] c.n.c.c.a.ExceptionAdvice [ExceptionAdvice.java:29] org.apache.coyote.AbstractProcessorLight.process(AbstractProcessorLight.java:66)
2024-01-24 14:45:32,626 ERROR [http-nio-8080-exec-7] c.n.c.c.a.ExceptionAdvice [ExceptionAdvice.java:29] org.apache.coyote.AbstractProtocol$ConnectionHandler.process(AbstractProtocol.java:836)
2024-01-24 14:45:32,626 ERROR [http-nio-8080-exec-7] c.n.c.c.a.ExceptionAdvice [ExceptionAdvice.java:29] org.apache.tomcat.util.net.NioEndpoint$SocketProcessor.doRun(NioEndpoint.java:1747)
2024-01-24 14:45:32,626 ERROR [http-nio-8080-exec-7] c.n.c.c.a.ExceptionAdvice [ExceptionAdvice.java:29] org.apache.tomcat.util.net.SocketProcessorBase.run(SocketProcessorBase.java:49)
2024-01-24 14:45:32,626 ERROR [http-nio-8080-exec-7] c.n.c.c.a.ExceptionAdvice [ExceptionAdvice.java:29] java.base/java.util.concurrent.ThreadPoolExecutor.runWorker(ThreadPoolExecutor.java:1128)
2024-01-24 14:45:32,626 ERROR [http-nio-8080-exec-7] c.n.c.c.a.ExceptionAdvice [ExceptionAdvice.java:29] java.base/java.util.concurrent.ThreadPoolExecutor$Worker.run(ThreadPoolExecutor.java:628)
2024-01-24 14:45:32,626 ERROR [http-nio-8080-exec-7] c.n.c.c.a.ExceptionAdvice [ExceptionAdvice.java:29] org.apache.tomcat.util.threads.TaskThread$WrappingRunnable.run(TaskThread.java:61)
2024-01-24 14:45:32,626 ERROR [http-nio-8080-exec-7] c.n.c.c.a.ExceptionAdvice [ExceptionAdvice.java:29] java.base/java.lang.Thread.run(Thread.java:834)
2024-01-24 14:49:41,786 ERROR [http-nio-8080-exec-7] c.n.c.c.a.ExceptionAdvice [ExceptionAdvice.java:27] 服务器发生异常：Failed to convert value of type 'java.lang.String' to required type 'int'; nested exception is java.lang.NumberFormatException: For input string: "userId"
2024-01-24 14:49:41,786 ERROR [http-nio-8080-exec-7] c.n.c.c.a.ExceptionAdvice [ExceptionAdvice.java:29] org.springframework.web.method.annotation.AbstractNamedValueMethodArgumentResolver.resolveArgument(AbstractNamedValueMethodArgumentResolver.java:132)
2024-01-24 14:49:41,786 ERROR [http-nio-8080-exec-7] c.n.c.c.a.ExceptionAdvice [ExceptionAdvice.java:29] org.springframework.web.method.support.HandlerMethodArgumentResolverComposite.resolveArgument(HandlerMethodArgumentResolverComposite.java:126)
2024-01-24 14:49:41,786 ERROR [http-nio-8080-exec-7] c.n.c.c.a.ExceptionAdvice [ExceptionAdvice.java:29] org.springframework.web.method.support.InvocableHandlerMethod.getMethodArgumentValues(InvocableHandlerMethod.java:167)
2024-01-24 14:49:41,786 ERROR [http-nio-8080-exec-7] c.n.c.c.a.ExceptionAdvice [ExceptionAdvice.java:29] org.springframework.web.method.support.InvocableHandlerMethod.invokeForRequest(InvocableHandlerMethod.java:134)
2024-01-24 14:49:41,787 ERROR [http-nio-8080-exec-7] c.n.c.c.a.ExceptionAdvice [ExceptionAdvice.java:29] org.springframework.web.servlet.mvc.method.annotation.ServletInvocableHandlerMethod.invokeAndHandle(ServletInvocableHandlerMethod.java:104)
2024-01-24 14:49:41,787 ERROR [http-nio-8080-exec-7] c.n.c.c.a.ExceptionAdvice [ExceptionAdvice.java:29] org.springframework.web.servlet.mvc.method.annotation.RequestMappingHandlerAdapter.invokeHandlerMethod(RequestMappingHandlerAdapter.java:892)
2024-01-24 14:49:41,787 ERROR [http-nio-8080-exec-7] c.n.c.c.a.ExceptionAdvice [ExceptionAdvice.java:29] org.springframework.web.servlet.mvc.method.annotation.RequestMappingHandlerAdapter.handleInternal(RequestMappingHandlerAdapter.java:797)
2024-01-24 14:49:41,787 ERROR [http-nio-8080-exec-7] c.n.c.c.a.ExceptionAdvice [ExceptionAdvice.java:29] org.springframework.web.servlet.mvc.method.AbstractHandlerMethodAdapter.handle(AbstractHandlerMethodAdapter.java:87)
2024-01-24 14:49:41,787 ERROR [http-nio-8080-exec-7] c.n.c.c.a.ExceptionAdvice [ExceptionAdvice.java:29] org.springframework.web.servlet.DispatcherServlet.doDispatch(DispatcherServlet.java:1039)
2024-01-24 14:49:41,787 ERROR [http-nio-8080-exec-7] c.n.c.c.a.ExceptionAdvice [ExceptionAdvice.java:29] org.springframework.web.servlet.DispatcherServlet.doService(DispatcherServlet.java:942)
2024-01-24 14:49:41,787 ERROR [http-nio-8080-exec-7] c.n.c.c.a.ExceptionAdvice [ExceptionAdvice.java:29] org.springframework.web.servlet.FrameworkServlet.processRequest(FrameworkServlet.java:1005)
2024-01-24 14:49:41,787 ERROR [http-nio-8080-exec-7] c.n.c.c.a.ExceptionAdvice [ExceptionAdvice.java:29] org.springframework.web.servlet.FrameworkServlet.doGet(FrameworkServlet.java:897)
2024-01-24 14:49:41,787 ERROR [http-nio-8080-exec-7] c.n.c.c.a.ExceptionAdvice [ExceptionAdvice.java:29] javax.servlet.http.HttpServlet.service(HttpServlet.java:634)
2024-01-24 14:49:41,787 ERROR [http-nio-8080-exec-7] c.n.c.c.a.ExceptionAdvice [ExceptionAdvice.java:29] org.springframework.web.servlet.FrameworkServlet.service(FrameworkServlet.java:882)
2024-01-24 14:49:41,787 ERROR [http-nio-8080-exec-7] c.n.c.c.a.ExceptionAdvice [ExceptionAdvice.java:29] javax.servlet.http.HttpServlet.service(HttpServlet.java:741)
2024-01-24 14:49:41,787 ERROR [http-nio-8080-exec-7] c.n.c.c.a.ExceptionAdvice [ExceptionAdvice.java:29] org.apache.catalina.core.ApplicationFilterChain.internalDoFilter(ApplicationFilterChain.java:231)
2024-01-24 14:49:41,787 ERROR [http-nio-8080-exec-7] c.n.c.c.a.ExceptionAdvice [ExceptionAdvice.java:29] org.apache.catalina.core.ApplicationFilterChain.doFilter(ApplicationFilterChain.java:166)
2024-01-24 14:49:41,787 ERROR [http-nio-8080-exec-7] c.n.c.c.a.ExceptionAdvice [ExceptionAdvice.java:29] org.apache.tomcat.websocket.server.WsFilter.doFilter(WsFilter.java:53)
2024-01-24 14:49:41,788 ERROR [http-nio-8080-exec-7] c.n.c.c.a.ExceptionAdvice [ExceptionAdvice.java:29] org.apache.catalina.core.ApplicationFilterChain.internalDoFilter(ApplicationFilterChain.java:193)
2024-01-24 14:49:41,788 ERROR [http-nio-8080-exec-7] c.n.c.c.a.ExceptionAdvice [ExceptionAdvice.java:29] org.apache.catalina.core.ApplicationFilterChain.doFilter(ApplicationFilterChain.java:166)
2024-01-24 14:49:41,788 ERROR [http-nio-8080-exec-7] c.n.c.c.a.ExceptionAdvice [ExceptionAdvice.java:29] org.springframework.web.filter.RequestContextFilter.doFilterInternal(RequestContextFilter.java:99)
2024-01-24 14:49:41,788 ERROR [http-nio-8080-exec-7] c.n.c.c.a.ExceptionAdvice [ExceptionAdvice.java:29] org.springframework.web.filter.OncePerRequestFilter.doFilter(OncePerRequestFilter.java:107)
2024-01-24 14:49:41,788 ERROR [http-nio-8080-exec-7] c.n.c.c.a.ExceptionAdvice [ExceptionAdvice.java:29] org.apache.catalina.core.ApplicationFilterChain.internalDoFilter(ApplicationFilterChain.java:193)
2024-01-24 14:49:41,788 ERROR [http-nio-8080-exec-7] c.n.c.c.a.ExceptionAdvice [ExceptionAdvice.java:29] org.apache.catalina.core.ApplicationFilterChain.doFilter(ApplicationFilterChain.java:166)
2024-01-24 14:49:41,788 ERROR [http-nio-8080-exec-7] c.n.c.c.a.ExceptionAdvice [ExceptionAdvice.java:29] org.springframework.web.filter.FormContentFilter.doFilterInternal(FormContentFilter.java:92)
2024-01-24 14:49:41,788 ERROR [http-nio-8080-exec-7] c.n.c.c.a.ExceptionAdvice [ExceptionAdvice.java:29] org.springframework.web.filter.OncePerRequestFilter.doFilter(OncePerRequestFilter.java:107)
2024-01-24 14:49:41,788 ERROR [http-nio-8080-exec-7] c.n.c.c.a.ExceptionAdvice [ExceptionAdvice.java:29] org.apache.catalina.core.ApplicationFilterChain.internalDoFilter(ApplicationFilterChain.java:193)
2024-01-24 14:49:41,788 ERROR [http-nio-8080-exec-7] c.n.c.c.a.ExceptionAdvice [ExceptionAdvice.java:29] org.apache.catalina.core.ApplicationFilterChain.doFilter(ApplicationFilterChain.java:166)
2024-01-24 14:49:41,788 ERROR [http-nio-8080-exec-7] c.n.c.c.a.ExceptionAdvice [ExceptionAdvice.java:29] org.springframework.web.filter.HiddenHttpMethodFilter.doFilterInternal(HiddenHttpMethodFilter.java:93)
2024-01-24 14:49:41,788 ERROR [http-nio-8080-exec-7] c.n.c.c.a.ExceptionAdvice [ExceptionAdvice.java:29] org.springframework.web.filter.OncePerRequestFilter.doFilter(OncePerRequestFilter.java:107)
2024-01-24 14:49:41,788 ERROR [http-nio-8080-exec-7] c.n.c.c.a.ExceptionAdvice [ExceptionAdvice.java:29] org.apache.catalina.core.ApplicationFilterChain.internalDoFilter(ApplicationFilterChain.java:193)
2024-01-24 14:49:41,788 ERROR [http-nio-8080-exec-7] c.n.c.c.a.ExceptionAdvice [ExceptionAdvice.java:29] org.apache.catalina.core.ApplicationFilterChain.doFilter(ApplicationFilterChain.java:166)
2024-01-24 14:49:41,789 ERROR [http-nio-8080-exec-7] c.n.c.c.a.ExceptionAdvice [ExceptionAdvice.java:29] org.springframework.web.filter.CharacterEncodingFilter.doFilterInternal(CharacterEncodingFilter.java:200)
2024-01-24 14:49:41,789 ERROR [http-nio-8080-exec-7] c.n.c.c.a.ExceptionAdvice [ExceptionAdvice.java:29] org.springframework.web.filter.OncePerRequestFilter.doFilter(OncePerRequestFilter.java:107)
2024-01-24 14:49:41,789 ERROR [http-nio-8080-exec-7] c.n.c.c.a.ExceptionAdvice [ExceptionAdvice.java:29] org.apache.catalina.core.ApplicationFilterChain.internalDoFilter(ApplicationFilterChain.java:193)
2024-01-24 14:49:41,789 ERROR [http-nio-8080-exec-7] c.n.c.c.a.ExceptionAdvice [ExceptionAdvice.java:29] org.apache.catalina.core.ApplicationFilterChain.doFilter(ApplicationFilterChain.java:166)
2024-01-24 14:49:41,789 ERROR [http-nio-8080-exec-7] c.n.c.c.a.ExceptionAdvice [ExceptionAdvice.java:29] org.apache.catalina.core.StandardWrapperValve.invoke(StandardWrapperValve.java:200)
2024-01-24 14:49:41,789 ERROR [http-nio-8080-exec-7] c.n.c.c.a.ExceptionAdvice [ExceptionAdvice.java:29] org.apache.catalina.core.StandardContextValve.invoke(StandardContextValve.java:96)
2024-01-24 14:49:41,789 ERROR [http-nio-8080-exec-7] c.n.c.c.a.ExceptionAdvice [ExceptionAdvice.java:29] org.apache.catalina.authenticator.AuthenticatorBase.invoke(AuthenticatorBase.java:490)
2024-01-24 14:49:41,789 ERROR [http-nio-8080-exec-7] c.n.c.c.a.ExceptionAdvice [ExceptionAdvice.java:29] org.apache.catalina.core.StandardHostValve.invoke(StandardHostValve.java:139)
2024-01-24 14:49:41,789 ERROR [http-nio-8080-exec-7] c.n.c.c.a.ExceptionAdvice [ExceptionAdvice.java:29] org.apache.catalina.valves.ErrorReportValve.invoke(ErrorReportValve.java:92)
2024-01-24 14:49:41,789 ERROR [http-nio-8080-exec-7] c.n.c.c.a.ExceptionAdvice [ExceptionAdvice.java:29] org.apache.catalina.core.StandardEngineValve.invoke(StandardEngineValve.java:74)
2024-01-24 14:49:41,789 ERROR [http-nio-8080-exec-7] c.n.c.c.a.ExceptionAdvice [ExceptionAdvice.java:29] org.apache.catalina.connector.CoyoteAdapter.service(CoyoteAdapter.java:343)
2024-01-24 14:49:41,789 ERROR [http-nio-8080-exec-7] c.n.c.c.a.ExceptionAdvice [ExceptionAdvice.java:29] org.apache.coyote.http11.Http11Processor.service(Http11Processor.java:408)
2024-01-24 14:49:41,789 ERROR [http-nio-8080-exec-7] c.n.c.c.a.ExceptionAdvice [ExceptionAdvice.java:29] org.apache.coyote.AbstractProcessorLight.process(AbstractProcessorLight.java:66)
2024-01-24 14:49:41,789 ERROR [http-nio-8080-exec-7] c.n.c.c.a.ExceptionAdvice [ExceptionAdvice.java:29] org.apache.coyote.AbstractProtocol$ConnectionHandler.process(AbstractProtocol.java:836)
2024-01-24 14:49:41,790 ERROR [http-nio-8080-exec-7] c.n.c.c.a.ExceptionAdvice [ExceptionAdvice.java:29] org.apache.tomcat.util.net.NioEndpoint$SocketProcessor.doRun(NioEndpoint.java:1747)
2024-01-24 14:49:41,790 ERROR [http-nio-8080-exec-7] c.n.c.c.a.ExceptionAdvice [ExceptionAdvice.java:29] org.apache.tomcat.util.net.SocketProcessorBase.run(SocketProcessorBase.java:49)
2024-01-24 14:49:41,790 ERROR [http-nio-8080-exec-7] c.n.c.c.a.ExceptionAdvice [ExceptionAdvice.java:29] java.base/java.util.concurrent.ThreadPoolExecutor.runWorker(ThreadPoolExecutor.java:1128)
2024-01-24 14:49:41,790 ERROR [http-nio-8080-exec-7] c.n.c.c.a.ExceptionAdvice [ExceptionAdvice.java:29] java.base/java.util.concurrent.ThreadPoolExecutor$Worker.run(ThreadPoolExecutor.java:628)
2024-01-24 14:49:41,790 ERROR [http-nio-8080-exec-7] c.n.c.c.a.ExceptionAdvice [ExceptionAdvice.java:29] org.apache.tomcat.util.threads.TaskThread$WrappingRunnable.run(TaskThread.java:61)
2024-01-24 14:49:41,790 ERROR [http-nio-8080-exec-7] c.n.c.c.a.ExceptionAdvice [ExceptionAdvice.java:29] java.base/java.lang.Thread.run(Thread.java:834)
2024-01-24 20:47:06,914 ERROR [http-nio-8080-exec-1] c.n.c.c.a.ExceptionAdvice [ExceptionAdvice.java:27] 服务器发生异常：Missing cookie 'kaptchaOwner' for method parameter of type String
2024-01-24 20:47:06,915 ERROR [http-nio-8080-exec-1] c.n.c.c.a.ExceptionAdvice [ExceptionAdvice.java:29] org.springframework.web.method.annotation.AbstractCookieValueMethodArgumentResolver.handleMissingValue(AbstractCookieValueMethodArgumentResolver.java:70)
2024-01-24 20:47:06,915 ERROR [http-nio-8080-exec-1] c.n.c.c.a.ExceptionAdvice [ExceptionAdvice.java:29] org.springframework.web.method.annotation.AbstractNamedValueMethodArgumentResolver.handleMissingValue(AbstractNamedValueMethodArgumentResolver.java:221)
2024-01-24 20:47:06,915 ERROR [http-nio-8080-exec-1] c.n.c.c.a.ExceptionAdvice [ExceptionAdvice.java:29] org.springframework.web.method.annotation.AbstractNamedValueMethodArgumentResolver.resolveArgument(AbstractNamedValueMethodArgumentResolver.java:113)
2024-01-24 20:47:06,917 ERROR [http-nio-8080-exec-1] c.n.c.c.a.ExceptionAdvice [ExceptionAdvice.java:29] org.springframework.web.method.support.HandlerMethodArgumentResolverComposite.resolveArgument(HandlerMethodArgumentResolverComposite.java:126)
2024-01-24 20:47:06,917 ERROR [http-nio-8080-exec-1] c.n.c.c.a.ExceptionAdvice [ExceptionAdvice.java:29] org.springframework.web.method.support.InvocableHandlerMethod.getMethodArgumentValues(InvocableHandlerMethod.java:167)
2024-01-24 20:47:06,917 ERROR [http-nio-8080-exec-1] c.n.c.c.a.ExceptionAdvice [ExceptionAdvice.java:29] org.springframework.web.method.support.InvocableHandlerMethod.invokeForRequest(InvocableHandlerMethod.java:134)
2024-01-24 20:47:06,917 ERROR [http-nio-8080-exec-1] c.n.c.c.a.ExceptionAdvice [ExceptionAdvice.java:29] org.springframework.web.servlet.mvc.method.annotation.ServletInvocableHandlerMethod.invokeAndHandle(ServletInvocableHandlerMethod.java:104)
2024-01-24 20:47:06,917 ERROR [http-nio-8080-exec-1] c.n.c.c.a.ExceptionAdvice [ExceptionAdvice.java:29] org.springframework.web.servlet.mvc.method.annotation.RequestMappingHandlerAdapter.invokeHandlerMethod(RequestMappingHandlerAdapter.java:892)
2024-01-24 20:47:06,917 ERROR [http-nio-8080-exec-1] c.n.c.c.a.ExceptionAdvice [ExceptionAdvice.java:29] org.springframework.web.servlet.mvc.method.annotation.RequestMappingHandlerAdapter.handleInternal(RequestMappingHandlerAdapter.java:797)
2024-01-24 20:47:06,917 ERROR [http-nio-8080-exec-1] c.n.c.c.a.ExceptionAdvice [ExceptionAdvice.java:29] org.springframework.web.servlet.mvc.method.AbstractHandlerMethodAdapter.handle(AbstractHandlerMethodAdapter.java:87)
2024-01-24 20:47:06,917 ERROR [http-nio-8080-exec-1] c.n.c.c.a.ExceptionAdvice [ExceptionAdvice.java:29] org.springframework.web.servlet.DispatcherServlet.doDispatch(DispatcherServlet.java:1039)
2024-01-24 20:47:06,917 ERROR [http-nio-8080-exec-1] c.n.c.c.a.ExceptionAdvice [ExceptionAdvice.java:29] org.springframework.web.servlet.DispatcherServlet.doService(DispatcherServlet.java:942)
2024-01-24 20:47:06,917 ERROR [http-nio-8080-exec-1] c.n.c.c.a.ExceptionAdvice [ExceptionAdvice.java:29] org.springframework.web.servlet.FrameworkServlet.processRequest(FrameworkServlet.java:1005)
2024-01-24 20:47:06,917 ERROR [http-nio-8080-exec-1] c.n.c.c.a.ExceptionAdvice [ExceptionAdvice.java:29] org.springframework.web.servlet.FrameworkServlet.doPost(FrameworkServlet.java:908)
2024-01-24 20:47:06,917 ERROR [http-nio-8080-exec-1] c.n.c.c.a.ExceptionAdvice [ExceptionAdvice.java:29] javax.servlet.http.HttpServlet.service(HttpServlet.java:660)
2024-01-24 20:47:06,917 ERROR [http-nio-8080-exec-1] c.n.c.c.a.ExceptionAdvice [ExceptionAdvice.java:29] org.springframework.web.servlet.FrameworkServlet.service(FrameworkServlet.java:882)
2024-01-24 20:47:06,917 ERROR [http-nio-8080-exec-1] c.n.c.c.a.ExceptionAdvice [ExceptionAdvice.java:29] javax.servlet.http.HttpServlet.service(HttpServlet.java:741)
2024-01-24 20:47:06,917 ERROR [http-nio-8080-exec-1] c.n.c.c.a.ExceptionAdvice [ExceptionAdvice.java:29] org.apache.catalina.core.ApplicationFilterChain.internalDoFilter(ApplicationFilterChain.java:231)
2024-01-24 20:47:06,918 ERROR [http-nio-8080-exec-1] c.n.c.c.a.ExceptionAdvice [ExceptionAdvice.java:29] org.apache.catalina.core.ApplicationFilterChain.doFilter(ApplicationFilterChain.java:166)
2024-01-24 20:47:06,918 ERROR [http-nio-8080-exec-1] c.n.c.c.a.ExceptionAdvice [ExceptionAdvice.java:29] org.apache.tomcat.websocket.server.WsFilter.doFilter(WsFilter.java:53)
2024-01-24 20:47:06,918 ERROR [http-nio-8080-exec-1] c.n.c.c.a.ExceptionAdvice [ExceptionAdvice.java:29] org.apache.catalina.core.ApplicationFilterChain.internalDoFilter(ApplicationFilterChain.java:193)
2024-01-24 20:47:06,918 ERROR [http-nio-8080-exec-1] c.n.c.c.a.ExceptionAdvice [ExceptionAdvice.java:29] org.apache.catalina.core.ApplicationFilterChain.doFilter(ApplicationFilterChain.java:166)
2024-01-24 20:47:06,918 ERROR [http-nio-8080-exec-1] c.n.c.c.a.ExceptionAdvice [ExceptionAdvice.java:29] org.springframework.web.filter.RequestContextFilter.doFilterInternal(RequestContextFilter.java:99)
2024-01-24 20:47:06,918 ERROR [http-nio-8080-exec-1] c.n.c.c.a.ExceptionAdvice [ExceptionAdvice.java:29] org.springframework.web.filter.OncePerRequestFilter.doFilter(OncePerRequestFilter.java:107)
2024-01-24 20:47:06,918 ERROR [http-nio-8080-exec-1] c.n.c.c.a.ExceptionAdvice [ExceptionAdvice.java:29] org.apache.catalina.core.ApplicationFilterChain.internalDoFilter(ApplicationFilterChain.java:193)
2024-01-24 20:47:06,918 ERROR [http-nio-8080-exec-1] c.n.c.c.a.ExceptionAdvice [ExceptionAdvice.java:29] org.apache.catalina.core.ApplicationFilterChain.doFilter(ApplicationFilterChain.java:166)
2024-01-24 20:47:06,918 ERROR [http-nio-8080-exec-1] c.n.c.c.a.ExceptionAdvice [ExceptionAdvice.java:29] org.springframework.web.filter.FormContentFilter.doFilterInternal(FormContentFilter.java:92)
2024-01-24 20:47:06,918 ERROR [http-nio-8080-exec-1] c.n.c.c.a.ExceptionAdvice [ExceptionAdvice.java:29] org.springframework.web.filter.OncePerRequestFilter.doFilter(OncePerRequestFilter.java:107)
2024-01-24 20:47:06,919 ERROR [http-nio-8080-exec-1] c.n.c.c.a.ExceptionAdvice [ExceptionAdvice.java:29] org.apache.catalina.core.ApplicationFilterChain.internalDoFilter(ApplicationFilterChain.java:193)
2024-01-24 20:47:06,919 ERROR [http-nio-8080-exec-1] c.n.c.c.a.ExceptionAdvice [ExceptionAdvice.java:29] org.apache.catalina.core.ApplicationFilterChain.doFilter(ApplicationFilterChain.java:166)
2024-01-24 20:47:06,919 ERROR [http-nio-8080-exec-1] c.n.c.c.a.ExceptionAdvice [ExceptionAdvice.java:29] org.springframework.web.filter.HiddenHttpMethodFilter.doFilterInternal(HiddenHttpMethodFilter.java:93)
2024-01-24 20:47:06,919 ERROR [http-nio-8080-exec-1] c.n.c.c.a.ExceptionAdvice [ExceptionAdvice.java:29] org.springframework.web.filter.OncePerRequestFilter.doFilter(OncePerRequestFilter.java:107)
2024-01-24 20:47:06,919 ERROR [http-nio-8080-exec-1] c.n.c.c.a.ExceptionAdvice [ExceptionAdvice.java:29] org.apache.catalina.core.ApplicationFilterChain.internalDoFilter(ApplicationFilterChain.java:193)
2024-01-24 20:47:06,919 ERROR [http-nio-8080-exec-1] c.n.c.c.a.ExceptionAdvice [ExceptionAdvice.java:29] org.apache.catalina.core.ApplicationFilterChain.doFilter(ApplicationFilterChain.java:166)
2024-01-24 20:47:06,919 ERROR [http-nio-8080-exec-1] c.n.c.c.a.ExceptionAdvice [ExceptionAdvice.java:29] org.springframework.web.filter.CharacterEncodingFilter.doFilterInternal(CharacterEncodingFilter.java:200)
2024-01-24 20:47:06,919 ERROR [http-nio-8080-exec-1] c.n.c.c.a.ExceptionAdvice [ExceptionAdvice.java:29] org.springframework.web.filter.OncePerRequestFilter.doFilter(OncePerRequestFilter.java:107)
2024-01-24 20:47:06,919 ERROR [http-nio-8080-exec-1] c.n.c.c.a.ExceptionAdvice [ExceptionAdvice.java:29] org.apache.catalina.core.ApplicationFilterChain.internalDoFilter(ApplicationFilterChain.java:193)
2024-01-24 20:47:06,920 ERROR [http-nio-8080-exec-1] c.n.c.c.a.ExceptionAdvice [ExceptionAdvice.java:29] org.apache.catalina.core.ApplicationFilterChain.doFilter(ApplicationFilterChain.java:166)
2024-01-24 20:47:06,920 ERROR [http-nio-8080-exec-1] c.n.c.c.a.ExceptionAdvice [ExceptionAdvice.java:29] org.apache.catalina.core.StandardWrapperValve.invoke(StandardWrapperValve.java:200)
2024-01-24 20:47:06,920 ERROR [http-nio-8080-exec-1] c.n.c.c.a.ExceptionAdvice [ExceptionAdvice.java:29] org.apache.catalina.core.StandardContextValve.invoke(StandardContextValve.java:96)
2024-01-24 20:47:06,920 ERROR [http-nio-8080-exec-1] c.n.c.c.a.ExceptionAdvice [ExceptionAdvice.java:29] org.apache.catalina.authenticator.AuthenticatorBase.invoke(AuthenticatorBase.java:490)
2024-01-24 20:47:06,920 ERROR [http-nio-8080-exec-1] c.n.c.c.a.ExceptionAdvice [ExceptionAdvice.java:29] org.apache.catalina.core.StandardHostValve.invoke(StandardHostValve.java:139)
2024-01-24 20:47:06,920 ERROR [http-nio-8080-exec-1] c.n.c.c.a.ExceptionAdvice [ExceptionAdvice.java:29] org.apache.catalina.valves.ErrorReportValve.invoke(ErrorReportValve.java:92)
2024-01-24 20:47:06,920 ERROR [http-nio-8080-exec-1] c.n.c.c.a.ExceptionAdvice [ExceptionAdvice.java:29] org.apache.catalina.core.StandardEngineValve.invoke(StandardEngineValve.java:74)
2024-01-24 20:47:06,920 ERROR [http-nio-8080-exec-1] c.n.c.c.a.ExceptionAdvice [ExceptionAdvice.java:29] org.apache.catalina.connector.CoyoteAdapter.service(CoyoteAdapter.java:343)
2024-01-24 20:47:06,920 ERROR [http-nio-8080-exec-1] c.n.c.c.a.ExceptionAdvice [ExceptionAdvice.java:29] org.apache.coyote.http11.Http11Processor.service(Http11Processor.java:408)
2024-01-24 20:47:06,920 ERROR [http-nio-8080-exec-1] c.n.c.c.a.ExceptionAdvice [ExceptionAdvice.java:29] org.apache.coyote.AbstractProcessorLight.process(AbstractProcessorLight.java:66)
2024-01-24 20:47:06,921 ERROR [http-nio-8080-exec-1] c.n.c.c.a.ExceptionAdvice [ExceptionAdvice.java:29] org.apache.coyote.AbstractProtocol$ConnectionHandler.process(AbstractProtocol.java:836)
2024-01-24 20:47:06,921 ERROR [http-nio-8080-exec-1] c.n.c.c.a.ExceptionAdvice [ExceptionAdvice.java:29] org.apache.tomcat.util.net.NioEndpoint$SocketProcessor.doRun(NioEndpoint.java:1747)
2024-01-24 20:47:06,921 ERROR [http-nio-8080-exec-1] c.n.c.c.a.ExceptionAdvice [ExceptionAdvice.java:29] org.apache.tomcat.util.net.SocketProcessorBase.run(SocketProcessorBase.java:49)
2024-01-24 20:47:06,921 ERROR [http-nio-8080-exec-1] c.n.c.c.a.ExceptionAdvice [ExceptionAdvice.java:29] java.base/java.util.concurrent.ThreadPoolExecutor.runWorker(ThreadPoolExecutor.java:1128)
2024-01-24 20:47:06,921 ERROR [http-nio-8080-exec-1] c.n.c.c.a.ExceptionAdvice [ExceptionAdvice.java:29] java.base/java.util.concurrent.ThreadPoolExecutor$Worker.run(ThreadPoolExecutor.java:628)
2024-01-24 20:47:06,921 ERROR [http-nio-8080-exec-1] c.n.c.c.a.ExceptionAdvice [ExceptionAdvice.java:29] org.apache.tomcat.util.threads.TaskThread$WrappingRunnable.run(TaskThread.java:61)
2024-01-24 20:47:06,921 ERROR [http-nio-8080-exec-1] c.n.c.c.a.ExceptionAdvice [ExceptionAdvice.java:29] java.base/java.lang.Thread.run(Thread.java:834)
