2024-01-27 21:01:14,167 ERROR [restartedMain] o.s.b.SpringApplication [SpringApplication.java:858] Application run failed
org.springframework.context.ApplicationContextException: Failed to start bean 'org.springframework.kafka.config.internalKafkaListenerEndpointRegistry'; nested exception is java.lang.IllegalStateException: Topic(s) [publish] is/are not present and missingTopicsFatal is true
	at org.springframework.context.support.DefaultLifecycleProcessor.doStart(DefaultLifecycleProcessor.java:185)
	at org.springframework.context.support.DefaultLifecycleProcessor.access$200(DefaultLifecycleProcessor.java:53)
	at org.springframework.context.support.DefaultLifecycleProcessor$LifecycleGroup.start(DefaultLifecycleProcessor.java:360)
	at org.springframework.context.support.DefaultLifecycleProcessor.startBeans(DefaultLifecycleProcessor.java:158)
	at org.springframework.context.support.DefaultLifecycleProcessor.onRefresh(DefaultLifecycleProcessor.java:122)
	at org.springframework.context.support.AbstractApplicationContext.finishRefresh(AbstractApplicationContext.java:893)
	at org.springframework.boot.web.servlet.context.ServletWebServerApplicationContext.finishRefresh(ServletWebServerApplicationContext.java:163)
	at org.springframework.context.support.AbstractApplicationContext.refresh(AbstractApplicationContext.java:552)
	at org.springframework.boot.web.servlet.context.ServletWebServerApplicationContext.refresh(ServletWebServerApplicationContext.java:142)
	at org.springframework.boot.SpringApplication.refresh(SpringApplication.java:775)
	at org.springframework.boot.SpringApplication.refreshContext(SpringApplication.java:397)
	at org.springframework.boot.SpringApplication.run(SpringApplication.java:316)
	at org.springframework.boot.SpringApplication.run(SpringApplication.java:1260)
	at org.springframework.boot.SpringApplication.run(SpringApplication.java:1248)
	at com.nowcoder.community.CommunityApplication.main(CommunityApplication.java:23)
	at java.base/jdk.internal.reflect.NativeMethodAccessorImpl.invoke0(Native Method)
	at java.base/jdk.internal.reflect.NativeMethodAccessorImpl.invoke(NativeMethodAccessorImpl.java:62)
	at java.base/jdk.internal.reflect.DelegatingMethodAccessorImpl.invoke(DelegatingMethodAccessorImpl.java:43)
	at java.base/java.lang.reflect.Method.invoke(Method.java:566)
	at org.springframework.boot.devtools.restart.RestartLauncher.run(RestartLauncher.java:49)
Caused by: java.lang.IllegalStateException: Topic(s) [publish] is/are not present and missingTopicsFatal is true
	at org.springframework.kafka.listener.AbstractMessageListenerContainer.checkTopics(AbstractMessageListenerContainer.java:302)
	at org.springframework.kafka.listener.ConcurrentMessageListenerContainer.doStart(ConcurrentMessageListenerContainer.java:136)
	at org.springframework.kafka.listener.AbstractMessageListenerContainer.start(AbstractMessageListenerContainer.java:276)
	at org.springframework.kafka.config.KafkaListenerEndpointRegistry.startIfNecessary(KafkaListenerEndpointRegistry.java:306)
	at org.springframework.kafka.config.KafkaListenerEndpointRegistry.start(KafkaListenerEndpointRegistry.java:255)
	at org.springframework.context.support.DefaultLifecycleProcessor.doStart(DefaultLifecycleProcessor.java:182)
	... 19 common frames omitted
2024-01-27 21:02:33,755 ERROR [restartedMain] o.s.b.SpringApplication [SpringApplication.java:858] Application run failed
org.springframework.context.ApplicationContextException: Failed to start bean 'org.springframework.kafka.config.internalKafkaListenerEndpointRegistry'; nested exception is java.lang.IllegalStateException: Topic(s) [publish] is/are not present and missingTopicsFatal is true
	at org.springframework.context.support.DefaultLifecycleProcessor.doStart(DefaultLifecycleProcessor.java:185)
	at org.springframework.context.support.DefaultLifecycleProcessor.access$200(DefaultLifecycleProcessor.java:53)
	at org.springframework.context.support.DefaultLifecycleProcessor$LifecycleGroup.start(DefaultLifecycleProcessor.java:360)
	at org.springframework.context.support.DefaultLifecycleProcessor.startBeans(DefaultLifecycleProcessor.java:158)
	at org.springframework.context.support.DefaultLifecycleProcessor.onRefresh(DefaultLifecycleProcessor.java:122)
	at org.springframework.context.support.AbstractApplicationContext.finishRefresh(AbstractApplicationContext.java:893)
	at org.springframework.boot.web.servlet.context.ServletWebServerApplicationContext.finishRefresh(ServletWebServerApplicationContext.java:163)
	at org.springframework.context.support.AbstractApplicationContext.refresh(AbstractApplicationContext.java:552)
	at org.springframework.boot.web.servlet.context.ServletWebServerApplicationContext.refresh(ServletWebServerApplicationContext.java:142)
	at org.springframework.boot.SpringApplication.refresh(SpringApplication.java:775)
	at org.springframework.boot.SpringApplication.refreshContext(SpringApplication.java:397)
	at org.springframework.boot.SpringApplication.run(SpringApplication.java:316)
	at org.springframework.boot.SpringApplication.run(SpringApplication.java:1260)
	at org.springframework.boot.SpringApplication.run(SpringApplication.java:1248)
	at com.nowcoder.community.CommunityApplication.main(CommunityApplication.java:23)
	at java.base/jdk.internal.reflect.NativeMethodAccessorImpl.invoke0(Native Method)
	at java.base/jdk.internal.reflect.NativeMethodAccessorImpl.invoke(NativeMethodAccessorImpl.java:62)
	at java.base/jdk.internal.reflect.DelegatingMethodAccessorImpl.invoke(DelegatingMethodAccessorImpl.java:43)
	at java.base/java.lang.reflect.Method.invoke(Method.java:566)
	at org.springframework.boot.devtools.restart.RestartLauncher.run(RestartLauncher.java:49)
Caused by: java.lang.IllegalStateException: Topic(s) [publish] is/are not present and missingTopicsFatal is true
	at org.springframework.kafka.listener.AbstractMessageListenerContainer.checkTopics(AbstractMessageListenerContainer.java:302)
	at org.springframework.kafka.listener.ConcurrentMessageListenerContainer.doStart(ConcurrentMessageListenerContainer.java:136)
	at org.springframework.kafka.listener.AbstractMessageListenerContainer.start(AbstractMessageListenerContainer.java:276)
	at org.springframework.kafka.config.KafkaListenerEndpointRegistry.startIfNecessary(KafkaListenerEndpointRegistry.java:306)
	at org.springframework.kafka.config.KafkaListenerEndpointRegistry.start(KafkaListenerEndpointRegistry.java:255)
	at org.springframework.context.support.DefaultLifecycleProcessor.doStart(DefaultLifecycleProcessor.java:182)
	... 19 common frames omitted
2024-01-27 21:14:05,411 ERROR [restartedMain] o.s.b.SpringApplication [SpringApplication.java:858] Application run failed
org.springframework.context.ApplicationContextException: Failed to start bean 'org.springframework.kafka.config.internalKafkaListenerEndpointRegistry'; nested exception is java.lang.IllegalStateException: Topic(s) [publish] is/are not present and missingTopicsFatal is true
	at org.springframework.context.support.DefaultLifecycleProcessor.doStart(DefaultLifecycleProcessor.java:185)
	at org.springframework.context.support.DefaultLifecycleProcessor.access$200(DefaultLifecycleProcessor.java:53)
	at org.springframework.context.support.DefaultLifecycleProcessor$LifecycleGroup.start(DefaultLifecycleProcessor.java:360)
	at org.springframework.context.support.DefaultLifecycleProcessor.startBeans(DefaultLifecycleProcessor.java:158)
	at org.springframework.context.support.DefaultLifecycleProcessor.onRefresh(DefaultLifecycleProcessor.java:122)
	at org.springframework.context.support.AbstractApplicationContext.finishRefresh(AbstractApplicationContext.java:893)
	at org.springframework.boot.web.servlet.context.ServletWebServerApplicationContext.finishRefresh(ServletWebServerApplicationContext.java:163)
	at org.springframework.context.support.AbstractApplicationContext.refresh(AbstractApplicationContext.java:552)
	at org.springframework.boot.web.servlet.context.ServletWebServerApplicationContext.refresh(ServletWebServerApplicationContext.java:142)
	at org.springframework.boot.SpringApplication.refresh(SpringApplication.java:775)
	at org.springframework.boot.SpringApplication.refreshContext(SpringApplication.java:397)
	at org.springframework.boot.SpringApplication.run(SpringApplication.java:316)
	at org.springframework.boot.SpringApplication.run(SpringApplication.java:1260)
	at org.springframework.boot.SpringApplication.run(SpringApplication.java:1248)
	at com.nowcoder.community.CommunityApplication.main(CommunityApplication.java:23)
	at java.base/jdk.internal.reflect.NativeMethodAccessorImpl.invoke0(Native Method)
	at java.base/jdk.internal.reflect.NativeMethodAccessorImpl.invoke(NativeMethodAccessorImpl.java:62)
	at java.base/jdk.internal.reflect.DelegatingMethodAccessorImpl.invoke(DelegatingMethodAccessorImpl.java:43)
	at java.base/java.lang.reflect.Method.invoke(Method.java:566)
	at org.springframework.boot.devtools.restart.RestartLauncher.run(RestartLauncher.java:49)
Caused by: java.lang.IllegalStateException: Topic(s) [publish] is/are not present and missingTopicsFatal is true
	at org.springframework.kafka.listener.AbstractMessageListenerContainer.checkTopics(AbstractMessageListenerContainer.java:302)
	at org.springframework.kafka.listener.ConcurrentMessageListenerContainer.doStart(ConcurrentMessageListenerContainer.java:136)
	at org.springframework.kafka.listener.AbstractMessageListenerContainer.start(AbstractMessageListenerContainer.java:276)
	at org.springframework.kafka.config.KafkaListenerEndpointRegistry.startIfNecessary(KafkaListenerEndpointRegistry.java:306)
	at org.springframework.kafka.config.KafkaListenerEndpointRegistry.start(KafkaListenerEndpointRegistry.java:255)
	at org.springframework.context.support.DefaultLifecycleProcessor.doStart(DefaultLifecycleProcessor.java:182)
	... 19 common frames omitted
2024-01-27 21:15:32,503 ERROR [restartedMain] o.s.b.SpringApplication [SpringApplication.java:858] Application run failed
org.springframework.context.ApplicationContextException: Failed to start bean 'org.springframework.kafka.config.internalKafkaListenerEndpointRegistry'; nested exception is java.lang.IllegalStateException: Topic(s) [publish] is/are not present and missingTopicsFatal is true
	at org.springframework.context.support.DefaultLifecycleProcessor.doStart(DefaultLifecycleProcessor.java:185)
	at org.springframework.context.support.DefaultLifecycleProcessor.access$200(DefaultLifecycleProcessor.java:53)
	at org.springframework.context.support.DefaultLifecycleProcessor$LifecycleGroup.start(DefaultLifecycleProcessor.java:360)
	at org.springframework.context.support.DefaultLifecycleProcessor.startBeans(DefaultLifecycleProcessor.java:158)
	at org.springframework.context.support.DefaultLifecycleProcessor.onRefresh(DefaultLifecycleProcessor.java:122)
	at org.springframework.context.support.AbstractApplicationContext.finishRefresh(AbstractApplicationContext.java:893)
	at org.springframework.boot.web.servlet.context.ServletWebServerApplicationContext.finishRefresh(ServletWebServerApplicationContext.java:163)
	at org.springframework.context.support.AbstractApplicationContext.refresh(AbstractApplicationContext.java:552)
	at org.springframework.boot.web.servlet.context.ServletWebServerApplicationContext.refresh(ServletWebServerApplicationContext.java:142)
	at org.springframework.boot.SpringApplication.refresh(SpringApplication.java:775)
	at org.springframework.boot.SpringApplication.refreshContext(SpringApplication.java:397)
	at org.springframework.boot.SpringApplication.run(SpringApplication.java:316)
	at org.springframework.boot.SpringApplication.run(SpringApplication.java:1260)
	at org.springframework.boot.SpringApplication.run(SpringApplication.java:1248)
	at com.nowcoder.community.CommunityApplication.main(CommunityApplication.java:23)
	at java.base/jdk.internal.reflect.NativeMethodAccessorImpl.invoke0(Native Method)
	at java.base/jdk.internal.reflect.NativeMethodAccessorImpl.invoke(NativeMethodAccessorImpl.java:62)
	at java.base/jdk.internal.reflect.DelegatingMethodAccessorImpl.invoke(DelegatingMethodAccessorImpl.java:43)
	at java.base/java.lang.reflect.Method.invoke(Method.java:566)
	at org.springframework.boot.devtools.restart.RestartLauncher.run(RestartLauncher.java:49)
Caused by: java.lang.IllegalStateException: Topic(s) [publish] is/are not present and missingTopicsFatal is true
	at org.springframework.kafka.listener.AbstractMessageListenerContainer.checkTopics(AbstractMessageListenerContainer.java:302)
	at org.springframework.kafka.listener.ConcurrentMessageListenerContainer.doStart(ConcurrentMessageListenerContainer.java:136)
	at org.springframework.kafka.listener.AbstractMessageListenerContainer.start(AbstractMessageListenerContainer.java:276)
	at org.springframework.kafka.config.KafkaListenerEndpointRegistry.startIfNecessary(KafkaListenerEndpointRegistry.java:306)
	at org.springframework.kafka.config.KafkaListenerEndpointRegistry.start(KafkaListenerEndpointRegistry.java:255)
	at org.springframework.context.support.DefaultLifecycleProcessor.doStart(DefaultLifecycleProcessor.java:182)
	... 19 common frames omitted
2024-01-27 21:17:27,540 ERROR [restartedMain] o.s.b.SpringApplication [SpringApplication.java:858] Application run failed
org.springframework.context.ApplicationContextException: Failed to start bean 'org.springframework.kafka.config.internalKafkaListenerEndpointRegistry'; nested exception is java.lang.IllegalStateException: Topic(s) [publish] is/are not present and missingTopicsFatal is true
	at org.springframework.context.support.DefaultLifecycleProcessor.doStart(DefaultLifecycleProcessor.java:185)
	at org.springframework.context.support.DefaultLifecycleProcessor.access$200(DefaultLifecycleProcessor.java:53)
	at org.springframework.context.support.DefaultLifecycleProcessor$LifecycleGroup.start(DefaultLifecycleProcessor.java:360)
	at org.springframework.context.support.DefaultLifecycleProcessor.startBeans(DefaultLifecycleProcessor.java:158)
	at org.springframework.context.support.DefaultLifecycleProcessor.onRefresh(DefaultLifecycleProcessor.java:122)
	at org.springframework.context.support.AbstractApplicationContext.finishRefresh(AbstractApplicationContext.java:893)
	at org.springframework.boot.web.servlet.context.ServletWebServerApplicationContext.finishRefresh(ServletWebServerApplicationContext.java:163)
	at org.springframework.context.support.AbstractApplicationContext.refresh(AbstractApplicationContext.java:552)
	at org.springframework.boot.web.servlet.context.ServletWebServerApplicationContext.refresh(ServletWebServerApplicationContext.java:142)
	at org.springframework.boot.SpringApplication.refresh(SpringApplication.java:775)
	at org.springframework.boot.SpringApplication.refreshContext(SpringApplication.java:397)
	at org.springframework.boot.SpringApplication.run(SpringApplication.java:316)
	at org.springframework.boot.SpringApplication.run(SpringApplication.java:1260)
	at org.springframework.boot.SpringApplication.run(SpringApplication.java:1248)
	at com.nowcoder.community.CommunityApplication.main(CommunityApplication.java:23)
	at java.base/jdk.internal.reflect.NativeMethodAccessorImpl.invoke0(Native Method)
	at java.base/jdk.internal.reflect.NativeMethodAccessorImpl.invoke(NativeMethodAccessorImpl.java:62)
	at java.base/jdk.internal.reflect.DelegatingMethodAccessorImpl.invoke(DelegatingMethodAccessorImpl.java:43)
	at java.base/java.lang.reflect.Method.invoke(Method.java:566)
	at org.springframework.boot.devtools.restart.RestartLauncher.run(RestartLauncher.java:49)
Caused by: java.lang.IllegalStateException: Topic(s) [publish] is/are not present and missingTopicsFatal is true
	at org.springframework.kafka.listener.AbstractMessageListenerContainer.checkTopics(AbstractMessageListenerContainer.java:302)
	at org.springframework.kafka.listener.ConcurrentMessageListenerContainer.doStart(ConcurrentMessageListenerContainer.java:136)
	at org.springframework.kafka.listener.AbstractMessageListenerContainer.start(AbstractMessageListenerContainer.java:276)
	at org.springframework.kafka.config.KafkaListenerEndpointRegistry.startIfNecessary(KafkaListenerEndpointRegistry.java:306)
	at org.springframework.kafka.config.KafkaListenerEndpointRegistry.start(KafkaListenerEndpointRegistry.java:255)
	at org.springframework.context.support.DefaultLifecycleProcessor.doStart(DefaultLifecycleProcessor.java:182)
	... 19 common frames omitted
2024-01-27 21:20:07,259 ERROR [restartedMain] o.s.b.SpringApplication [SpringApplication.java:858] Application run failed
org.springframework.context.ApplicationContextException: Failed to start bean 'org.springframework.kafka.config.internalKafkaListenerEndpointRegistry'; nested exception is java.lang.IllegalStateException: Topic(s) [publish] is/are not present and missingTopicsFatal is true
	at org.springframework.context.support.DefaultLifecycleProcessor.doStart(DefaultLifecycleProcessor.java:185)
	at org.springframework.context.support.DefaultLifecycleProcessor.access$200(DefaultLifecycleProcessor.java:53)
	at org.springframework.context.support.DefaultLifecycleProcessor$LifecycleGroup.start(DefaultLifecycleProcessor.java:360)
	at org.springframework.context.support.DefaultLifecycleProcessor.startBeans(DefaultLifecycleProcessor.java:158)
	at org.springframework.context.support.DefaultLifecycleProcessor.onRefresh(DefaultLifecycleProcessor.java:122)
	at org.springframework.context.support.AbstractApplicationContext.finishRefresh(AbstractApplicationContext.java:893)
	at org.springframework.boot.web.servlet.context.ServletWebServerApplicationContext.finishRefresh(ServletWebServerApplicationContext.java:163)
	at org.springframework.context.support.AbstractApplicationContext.refresh(AbstractApplicationContext.java:552)
	at org.springframework.boot.web.servlet.context.ServletWebServerApplicationContext.refresh(ServletWebServerApplicationContext.java:142)
	at org.springframework.boot.SpringApplication.refresh(SpringApplication.java:775)
	at org.springframework.boot.SpringApplication.refreshContext(SpringApplication.java:397)
	at org.springframework.boot.SpringApplication.run(SpringApplication.java:316)
	at org.springframework.boot.SpringApplication.run(SpringApplication.java:1260)
	at org.springframework.boot.SpringApplication.run(SpringApplication.java:1248)
	at com.nowcoder.community.CommunityApplication.main(CommunityApplication.java:23)
	at java.base/jdk.internal.reflect.NativeMethodAccessorImpl.invoke0(Native Method)
	at java.base/jdk.internal.reflect.NativeMethodAccessorImpl.invoke(NativeMethodAccessorImpl.java:62)
	at java.base/jdk.internal.reflect.DelegatingMethodAccessorImpl.invoke(DelegatingMethodAccessorImpl.java:43)
	at java.base/java.lang.reflect.Method.invoke(Method.java:566)
	at org.springframework.boot.devtools.restart.RestartLauncher.run(RestartLauncher.java:49)
Caused by: java.lang.IllegalStateException: Topic(s) [publish] is/are not present and missingTopicsFatal is true
	at org.springframework.kafka.listener.AbstractMessageListenerContainer.checkTopics(AbstractMessageListenerContainer.java:302)
	at org.springframework.kafka.listener.ConcurrentMessageListenerContainer.doStart(ConcurrentMessageListenerContainer.java:136)
	at org.springframework.kafka.listener.AbstractMessageListenerContainer.start(AbstractMessageListenerContainer.java:276)
	at org.springframework.kafka.config.KafkaListenerEndpointRegistry.startIfNecessary(KafkaListenerEndpointRegistry.java:306)
	at org.springframework.kafka.config.KafkaListenerEndpointRegistry.start(KafkaListenerEndpointRegistry.java:255)
	at org.springframework.context.support.DefaultLifecycleProcessor.doStart(DefaultLifecycleProcessor.java:182)
	... 19 common frames omitted
2024-01-27 21:22:00,448 ERROR [restartedMain] o.s.d.e.r.s.AbstractElasticsearchRepository [AbstractElasticsearchRepository.java:91] failed to load elasticsearch nodes : org.elasticsearch.client.transport.NoNodeAvailableException: None of the configured nodes are available: [{#transport#-1}{X6DP-GXDTuaSbjmCojBlyQ}{127.0.0.1}{127.0.0.1:9300}]
2024-01-27 21:22:23,964 ERROR [http-nio-8080-exec-6] c.n.c.c.a.ExceptionAdvice [ExceptionAdvice.java:27] 服务器发生异常：None of the configured nodes are available: [{#transport#-1}{X6DP-GXDTuaSbjmCojBlyQ}{127.0.0.1}{127.0.0.1:9300}]
2024-01-27 21:22:23,965 ERROR [http-nio-8080-exec-6] c.n.c.c.a.ExceptionAdvice [ExceptionAdvice.java:29] org.elasticsearch.client.transport.TransportClientNodesService.ensureNodesAreAvailable(TransportClientNodesService.java:349)
2024-01-27 21:22:23,965 ERROR [http-nio-8080-exec-6] c.n.c.c.a.ExceptionAdvice [ExceptionAdvice.java:29] org.elasticsearch.client.transport.TransportClientNodesService.execute(TransportClientNodesService.java:247)
2024-01-27 21:22:23,965 ERROR [http-nio-8080-exec-6] c.n.c.c.a.ExceptionAdvice [ExceptionAdvice.java:29] org.elasticsearch.client.transport.TransportProxyClient.execute(TransportProxyClient.java:60)
2024-01-27 21:22:23,965 ERROR [http-nio-8080-exec-6] c.n.c.c.a.ExceptionAdvice [ExceptionAdvice.java:29] org.elasticsearch.client.transport.TransportClient.doExecute(TransportClient.java:381)
2024-01-27 21:22:23,965 ERROR [http-nio-8080-exec-6] c.n.c.c.a.ExceptionAdvice [ExceptionAdvice.java:29] org.elasticsearch.client.support.AbstractClient.execute(AbstractClient.java:407)
2024-01-27 21:22:23,966 ERROR [http-nio-8080-exec-6] c.n.c.c.a.ExceptionAdvice [ExceptionAdvice.java:29] org.elasticsearch.client.support.AbstractClient.execute(AbstractClient.java:396)
2024-01-27 21:22:23,966 ERROR [http-nio-8080-exec-6] c.n.c.c.a.ExceptionAdvice [ExceptionAdvice.java:29] org.elasticsearch.action.ActionRequestBuilder.execute(ActionRequestBuilder.java:46)
2024-01-27 21:22:23,966 ERROR [http-nio-8080-exec-6] c.n.c.c.a.ExceptionAdvice [ExceptionAdvice.java:29] org.springframework.data.elasticsearch.core.ElasticsearchTemplate.getSearchResponse(ElasticsearchTemplate.java:940)
2024-01-27 21:22:23,966 ERROR [http-nio-8080-exec-6] c.n.c.c.a.ExceptionAdvice [ExceptionAdvice.java:29] org.springframework.data.elasticsearch.core.ElasticsearchTemplate.doSearch(ElasticsearchTemplate.java:931)
2024-01-27 21:22:23,966 ERROR [http-nio-8080-exec-6] c.n.c.c.a.ExceptionAdvice [ExceptionAdvice.java:29] org.springframework.data.elasticsearch.core.ElasticsearchTemplate.queryForPage(ElasticsearchTemplate.java:314)
2024-01-27 21:22:23,966 ERROR [http-nio-8080-exec-6] c.n.c.c.a.ExceptionAdvice [ExceptionAdvice.java:29] com.nowcoder.community.service.ElasticsearchService.searchDiscussPost(ElasticsearchService.java:59)
2024-01-27 21:22:23,966 ERROR [http-nio-8080-exec-6] c.n.c.c.a.ExceptionAdvice [ExceptionAdvice.java:29] com.nowcoder.community.service.ElasticsearchService$$FastClassBySpringCGLIB$$7e7a6e28.invoke(<generated>)
2024-01-27 21:22:23,966 ERROR [http-nio-8080-exec-6] c.n.c.c.a.ExceptionAdvice [ExceptionAdvice.java:29] org.springframework.cglib.proxy.MethodProxy.invoke(MethodProxy.java:218)
2024-01-27 21:22:23,966 ERROR [http-nio-8080-exec-6] c.n.c.c.a.ExceptionAdvice [ExceptionAdvice.java:29] org.springframework.aop.framework.CglibAopProxy$CglibMethodInvocation.invokeJoinpoint(CglibAopProxy.java:749)
2024-01-27 21:22:23,966 ERROR [http-nio-8080-exec-6] c.n.c.c.a.ExceptionAdvice [ExceptionAdvice.java:29] org.springframework.aop.framework.ReflectiveMethodInvocation.proceed(ReflectiveMethodInvocation.java:163)
2024-01-27 21:22:23,966 ERROR [http-nio-8080-exec-6] c.n.c.c.a.ExceptionAdvice [ExceptionAdvice.java:29] org.springframework.aop.framework.adapter.MethodBeforeAdviceInterceptor.invoke(MethodBeforeAdviceInterceptor.java:56)
2024-01-27 21:22:23,967 ERROR [http-nio-8080-exec-6] c.n.c.c.a.ExceptionAdvice [ExceptionAdvice.java:29] org.springframework.aop.framework.ReflectiveMethodInvocation.proceed(ReflectiveMethodInvocation.java:186)
2024-01-27 21:22:23,967 ERROR [http-nio-8080-exec-6] c.n.c.c.a.ExceptionAdvice [ExceptionAdvice.java:29] org.springframework.aop.interceptor.ExposeInvocationInterceptor.invoke(ExposeInvocationInterceptor.java:93)
2024-01-27 21:22:23,967 ERROR [http-nio-8080-exec-6] c.n.c.c.a.ExceptionAdvice [ExceptionAdvice.java:29] org.springframework.aop.framework.ReflectiveMethodInvocation.proceed(ReflectiveMethodInvocation.java:186)
2024-01-27 21:22:23,967 ERROR [http-nio-8080-exec-6] c.n.c.c.a.ExceptionAdvice [ExceptionAdvice.java:29] org.springframework.aop.framework.CglibAopProxy$DynamicAdvisedInterceptor.intercept(CglibAopProxy.java:688)
2024-01-27 21:22:23,967 ERROR [http-nio-8080-exec-6] c.n.c.c.a.ExceptionAdvice [ExceptionAdvice.java:29] com.nowcoder.community.service.ElasticsearchService$$EnhancerBySpringCGLIB$$ed0905fe.searchDiscussPost(<generated>)
2024-01-27 21:22:23,967 ERROR [http-nio-8080-exec-6] c.n.c.c.a.ExceptionAdvice [ExceptionAdvice.java:29] com.nowcoder.community.controller.SearchController.search(SearchController.java:39)
2024-01-27 21:22:23,967 ERROR [http-nio-8080-exec-6] c.n.c.c.a.ExceptionAdvice [ExceptionAdvice.java:29] java.base/jdk.internal.reflect.NativeMethodAccessorImpl.invoke0(Native Method)
2024-01-27 21:22:23,967 ERROR [http-nio-8080-exec-6] c.n.c.c.a.ExceptionAdvice [ExceptionAdvice.java:29] java.base/jdk.internal.reflect.NativeMethodAccessorImpl.invoke(NativeMethodAccessorImpl.java:62)
2024-01-27 21:22:23,967 ERROR [http-nio-8080-exec-6] c.n.c.c.a.ExceptionAdvice [ExceptionAdvice.java:29] java.base/jdk.internal.reflect.DelegatingMethodAccessorImpl.invoke(DelegatingMethodAccessorImpl.java:43)
2024-01-27 21:22:23,968 ERROR [http-nio-8080-exec-6] c.n.c.c.a.ExceptionAdvice [ExceptionAdvice.java:29] java.base/java.lang.reflect.Method.invoke(Method.java:566)
2024-01-27 21:22:23,968 ERROR [http-nio-8080-exec-6] c.n.c.c.a.ExceptionAdvice [ExceptionAdvice.java:29] org.springframework.web.method.support.InvocableHandlerMethod.doInvoke(InvocableHandlerMethod.java:190)
2024-01-27 21:22:23,968 ERROR [http-nio-8080-exec-6] c.n.c.c.a.ExceptionAdvice [ExceptionAdvice.java:29] org.springframework.web.method.support.InvocableHandlerMethod.invokeForRequest(InvocableHandlerMethod.java:138)
2024-01-27 21:22:23,968 ERROR [http-nio-8080-exec-6] c.n.c.c.a.ExceptionAdvice [ExceptionAdvice.java:29] org.springframework.web.servlet.mvc.method.annotation.ServletInvocableHandlerMethod.invokeAndHandle(ServletInvocableHandlerMethod.java:104)
2024-01-27 21:22:23,968 ERROR [http-nio-8080-exec-6] c.n.c.c.a.ExceptionAdvice [ExceptionAdvice.java:29] org.springframework.web.servlet.mvc.method.annotation.RequestMappingHandlerAdapter.invokeHandlerMethod(RequestMappingHandlerAdapter.java:892)
2024-01-27 21:22:23,968 ERROR [http-nio-8080-exec-6] c.n.c.c.a.ExceptionAdvice [ExceptionAdvice.java:29] org.springframework.web.servlet.mvc.method.annotation.RequestMappingHandlerAdapter.handleInternal(RequestMappingHandlerAdapter.java:797)
2024-01-27 21:22:23,968 ERROR [http-nio-8080-exec-6] c.n.c.c.a.ExceptionAdvice [ExceptionAdvice.java:29] org.springframework.web.servlet.mvc.method.AbstractHandlerMethodAdapter.handle(AbstractHandlerMethodAdapter.java:87)
2024-01-27 21:22:23,968 ERROR [http-nio-8080-exec-6] c.n.c.c.a.ExceptionAdvice [ExceptionAdvice.java:29] org.springframework.web.servlet.DispatcherServlet.doDispatch(DispatcherServlet.java:1039)
2024-01-27 21:22:23,968 ERROR [http-nio-8080-exec-6] c.n.c.c.a.ExceptionAdvice [ExceptionAdvice.java:29] org.springframework.web.servlet.DispatcherServlet.doService(DispatcherServlet.java:942)
2024-01-27 21:22:23,968 ERROR [http-nio-8080-exec-6] c.n.c.c.a.ExceptionAdvice [ExceptionAdvice.java:29] org.springframework.web.servlet.FrameworkServlet.processRequest(FrameworkServlet.java:1005)
2024-01-27 21:22:23,968 ERROR [http-nio-8080-exec-6] c.n.c.c.a.ExceptionAdvice [ExceptionAdvice.java:29] org.springframework.web.servlet.FrameworkServlet.doGet(FrameworkServlet.java:897)
2024-01-27 21:22:23,969 ERROR [http-nio-8080-exec-6] c.n.c.c.a.ExceptionAdvice [ExceptionAdvice.java:29] javax.servlet.http.HttpServlet.service(HttpServlet.java:634)
2024-01-27 21:22:23,969 ERROR [http-nio-8080-exec-6] c.n.c.c.a.ExceptionAdvice [ExceptionAdvice.java:29] org.springframework.web.servlet.FrameworkServlet.service(FrameworkServlet.java:882)
2024-01-27 21:22:23,969 ERROR [http-nio-8080-exec-6] c.n.c.c.a.ExceptionAdvice [ExceptionAdvice.java:29] javax.servlet.http.HttpServlet.service(HttpServlet.java:741)
2024-01-27 21:22:23,969 ERROR [http-nio-8080-exec-6] c.n.c.c.a.ExceptionAdvice [ExceptionAdvice.java:29] org.apache.catalina.core.ApplicationFilterChain.internalDoFilter(ApplicationFilterChain.java:231)
2024-01-27 21:22:23,969 ERROR [http-nio-8080-exec-6] c.n.c.c.a.ExceptionAdvice [ExceptionAdvice.java:29] org.apache.catalina.core.ApplicationFilterChain.doFilter(ApplicationFilterChain.java:166)
2024-01-27 21:22:23,969 ERROR [http-nio-8080-exec-6] c.n.c.c.a.ExceptionAdvice [ExceptionAdvice.java:29] org.apache.tomcat.websocket.server.WsFilter.doFilter(WsFilter.java:53)
2024-01-27 21:22:23,969 ERROR [http-nio-8080-exec-6] c.n.c.c.a.ExceptionAdvice [ExceptionAdvice.java:29] org.apache.catalina.core.ApplicationFilterChain.internalDoFilter(ApplicationFilterChain.java:193)
2024-01-27 21:22:23,969 ERROR [http-nio-8080-exec-6] c.n.c.c.a.ExceptionAdvice [ExceptionAdvice.java:29] org.apache.catalina.core.ApplicationFilterChain.doFilter(ApplicationFilterChain.java:166)
2024-01-27 21:22:23,969 ERROR [http-nio-8080-exec-6] c.n.c.c.a.ExceptionAdvice [ExceptionAdvice.java:29] org.springframework.web.filter.RequestContextFilter.doFilterInternal(RequestContextFilter.java:99)
2024-01-27 21:22:23,969 ERROR [http-nio-8080-exec-6] c.n.c.c.a.ExceptionAdvice [ExceptionAdvice.java:29] org.springframework.web.filter.OncePerRequestFilter.doFilter(OncePerRequestFilter.java:107)
2024-01-27 21:22:23,969 ERROR [http-nio-8080-exec-6] c.n.c.c.a.ExceptionAdvice [ExceptionAdvice.java:29] org.apache.catalina.core.ApplicationFilterChain.internalDoFilter(ApplicationFilterChain.java:193)
2024-01-27 21:22:23,969 ERROR [http-nio-8080-exec-6] c.n.c.c.a.ExceptionAdvice [ExceptionAdvice.java:29] org.apache.catalina.core.ApplicationFilterChain.doFilter(ApplicationFilterChain.java:166)
2024-01-27 21:22:23,969 ERROR [http-nio-8080-exec-6] c.n.c.c.a.ExceptionAdvice [ExceptionAdvice.java:29] org.springframework.web.filter.FormContentFilter.doFilterInternal(FormContentFilter.java:92)
2024-01-27 21:22:23,969 ERROR [http-nio-8080-exec-6] c.n.c.c.a.ExceptionAdvice [ExceptionAdvice.java:29] org.springframework.web.filter.OncePerRequestFilter.doFilter(OncePerRequestFilter.java:107)
2024-01-27 21:22:23,970 ERROR [http-nio-8080-exec-6] c.n.c.c.a.ExceptionAdvice [ExceptionAdvice.java:29] org.apache.catalina.core.ApplicationFilterChain.internalDoFilter(ApplicationFilterChain.java:193)
2024-01-27 21:22:23,970 ERROR [http-nio-8080-exec-6] c.n.c.c.a.ExceptionAdvice [ExceptionAdvice.java:29] org.apache.catalina.core.ApplicationFilterChain.doFilter(ApplicationFilterChain.java:166)
2024-01-27 21:22:23,970 ERROR [http-nio-8080-exec-6] c.n.c.c.a.ExceptionAdvice [ExceptionAdvice.java:29] org.springframework.web.filter.HiddenHttpMethodFilter.doFilterInternal(HiddenHttpMethodFilter.java:93)
2024-01-27 21:22:23,970 ERROR [http-nio-8080-exec-6] c.n.c.c.a.ExceptionAdvice [ExceptionAdvice.java:29] org.springframework.web.filter.OncePerRequestFilter.doFilter(OncePerRequestFilter.java:107)
2024-01-27 21:22:23,970 ERROR [http-nio-8080-exec-6] c.n.c.c.a.ExceptionAdvice [ExceptionAdvice.java:29] org.apache.catalina.core.ApplicationFilterChain.internalDoFilter(ApplicationFilterChain.java:193)
2024-01-27 21:22:23,970 ERROR [http-nio-8080-exec-6] c.n.c.c.a.ExceptionAdvice [ExceptionAdvice.java:29] org.apache.catalina.core.ApplicationFilterChain.doFilter(ApplicationFilterChain.java:166)
2024-01-27 21:22:23,970 ERROR [http-nio-8080-exec-6] c.n.c.c.a.ExceptionAdvice [ExceptionAdvice.java:29] org.springframework.web.filter.CharacterEncodingFilter.doFilterInternal(CharacterEncodingFilter.java:200)
2024-01-27 21:22:23,970 ERROR [http-nio-8080-exec-6] c.n.c.c.a.ExceptionAdvice [ExceptionAdvice.java:29] org.springframework.web.filter.OncePerRequestFilter.doFilter(OncePerRequestFilter.java:107)
2024-01-27 21:22:23,970 ERROR [http-nio-8080-exec-6] c.n.c.c.a.ExceptionAdvice [ExceptionAdvice.java:29] org.apache.catalina.core.ApplicationFilterChain.internalDoFilter(ApplicationFilterChain.java:193)
2024-01-27 21:22:23,970 ERROR [http-nio-8080-exec-6] c.n.c.c.a.ExceptionAdvice [ExceptionAdvice.java:29] org.apache.catalina.core.ApplicationFilterChain.doFilter(ApplicationFilterChain.java:166)
2024-01-27 21:22:23,970 ERROR [http-nio-8080-exec-6] c.n.c.c.a.ExceptionAdvice [ExceptionAdvice.java:29] org.apache.catalina.core.StandardWrapperValve.invoke(StandardWrapperValve.java:200)
2024-01-27 21:22:23,970 ERROR [http-nio-8080-exec-6] c.n.c.c.a.ExceptionAdvice [ExceptionAdvice.java:29] org.apache.catalina.core.StandardContextValve.invoke(StandardContextValve.java:96)
2024-01-27 21:22:23,971 ERROR [http-nio-8080-exec-6] c.n.c.c.a.ExceptionAdvice [ExceptionAdvice.java:29] org.apache.catalina.authenticator.AuthenticatorBase.invoke(AuthenticatorBase.java:490)
2024-01-27 21:22:23,971 ERROR [http-nio-8080-exec-6] c.n.c.c.a.ExceptionAdvice [ExceptionAdvice.java:29] org.apache.catalina.core.StandardHostValve.invoke(StandardHostValve.java:139)
2024-01-27 21:22:23,971 ERROR [http-nio-8080-exec-6] c.n.c.c.a.ExceptionAdvice [ExceptionAdvice.java:29] org.apache.catalina.valves.ErrorReportValve.invoke(ErrorReportValve.java:92)
2024-01-27 21:22:23,971 ERROR [http-nio-8080-exec-6] c.n.c.c.a.ExceptionAdvice [ExceptionAdvice.java:29] org.apache.catalina.core.StandardEngineValve.invoke(StandardEngineValve.java:74)
2024-01-27 21:22:23,971 ERROR [http-nio-8080-exec-6] c.n.c.c.a.ExceptionAdvice [ExceptionAdvice.java:29] org.apache.catalina.connector.CoyoteAdapter.service(CoyoteAdapter.java:343)
2024-01-27 21:22:23,971 ERROR [http-nio-8080-exec-6] c.n.c.c.a.ExceptionAdvice [ExceptionAdvice.java:29] org.apache.coyote.http11.Http11Processor.service(Http11Processor.java:408)
2024-01-27 21:22:23,971 ERROR [http-nio-8080-exec-6] c.n.c.c.a.ExceptionAdvice [ExceptionAdvice.java:29] org.apache.coyote.AbstractProcessorLight.process(AbstractProcessorLight.java:66)
2024-01-27 21:22:23,971 ERROR [http-nio-8080-exec-6] c.n.c.c.a.ExceptionAdvice [ExceptionAdvice.java:29] org.apache.coyote.AbstractProtocol$ConnectionHandler.process(AbstractProtocol.java:836)
2024-01-27 21:22:23,971 ERROR [http-nio-8080-exec-6] c.n.c.c.a.ExceptionAdvice [ExceptionAdvice.java:29] org.apache.tomcat.util.net.NioEndpoint$SocketProcessor.doRun(NioEndpoint.java:1747)
2024-01-27 21:22:23,971 ERROR [http-nio-8080-exec-6] c.n.c.c.a.ExceptionAdvice [ExceptionAdvice.java:29] org.apache.tomcat.util.net.SocketProcessorBase.run(SocketProcessorBase.java:49)
2024-01-27 21:22:23,971 ERROR [http-nio-8080-exec-6] c.n.c.c.a.ExceptionAdvice [ExceptionAdvice.java:29] java.base/java.util.concurrent.ThreadPoolExecutor.runWorker(ThreadPoolExecutor.java:1128)
2024-01-27 21:22:23,971 ERROR [http-nio-8080-exec-6] c.n.c.c.a.ExceptionAdvice [ExceptionAdvice.java:29] java.base/java.util.concurrent.ThreadPoolExecutor$Worker.run(ThreadPoolExecutor.java:628)
2024-01-27 21:22:23,972 ERROR [http-nio-8080-exec-6] c.n.c.c.a.ExceptionAdvice [ExceptionAdvice.java:29] org.apache.tomcat.util.threads.TaskThread$WrappingRunnable.run(TaskThread.java:61)
2024-01-27 21:22:23,972 ERROR [http-nio-8080-exec-6] c.n.c.c.a.ExceptionAdvice [ExceptionAdvice.java:29] java.base/java.lang.Thread.run(Thread.java:834)
2024-01-27 21:22:27,671 ERROR [http-nio-8080-exec-1] c.n.c.c.a.ExceptionAdvice [ExceptionAdvice.java:27] 服务器发生异常：None of the configured nodes are available: [{#transport#-1}{X6DP-GXDTuaSbjmCojBlyQ}{127.0.0.1}{127.0.0.1:9300}]
2024-01-27 21:22:27,672 ERROR [http-nio-8080-exec-1] c.n.c.c.a.ExceptionAdvice [ExceptionAdvice.java:29] org.elasticsearch.client.transport.TransportClientNodesService.ensureNodesAreAvailable(TransportClientNodesService.java:349)
2024-01-27 21:22:27,672 ERROR [http-nio-8080-exec-1] c.n.c.c.a.ExceptionAdvice [ExceptionAdvice.java:29] org.elasticsearch.client.transport.TransportClientNodesService.execute(TransportClientNodesService.java:247)
2024-01-27 21:22:27,672 ERROR [http-nio-8080-exec-1] c.n.c.c.a.ExceptionAdvice [ExceptionAdvice.java:29] org.elasticsearch.client.transport.TransportProxyClient.execute(TransportProxyClient.java:60)
2024-01-27 21:22:27,672 ERROR [http-nio-8080-exec-1] c.n.c.c.a.ExceptionAdvice [ExceptionAdvice.java:29] org.elasticsearch.client.transport.TransportClient.doExecute(TransportClient.java:381)
2024-01-27 21:22:27,672 ERROR [http-nio-8080-exec-1] c.n.c.c.a.ExceptionAdvice [ExceptionAdvice.java:29] org.elasticsearch.client.support.AbstractClient.execute(AbstractClient.java:407)
2024-01-27 21:22:27,672 ERROR [http-nio-8080-exec-1] c.n.c.c.a.ExceptionAdvice [ExceptionAdvice.java:29] org.elasticsearch.client.support.AbstractClient.execute(AbstractClient.java:396)
2024-01-27 21:22:27,672 ERROR [http-nio-8080-exec-1] c.n.c.c.a.ExceptionAdvice [ExceptionAdvice.java:29] org.elasticsearch.action.ActionRequestBuilder.execute(ActionRequestBuilder.java:46)
2024-01-27 21:22:27,672 ERROR [http-nio-8080-exec-1] c.n.c.c.a.ExceptionAdvice [ExceptionAdvice.java:29] org.springframework.data.elasticsearch.core.ElasticsearchTemplate.getSearchResponse(ElasticsearchTemplate.java:940)
2024-01-27 21:22:27,672 ERROR [http-nio-8080-exec-1] c.n.c.c.a.ExceptionAdvice [ExceptionAdvice.java:29] org.springframework.data.elasticsearch.core.ElasticsearchTemplate.doSearch(ElasticsearchTemplate.java:931)
2024-01-27 21:22:27,672 ERROR [http-nio-8080-exec-1] c.n.c.c.a.ExceptionAdvice [ExceptionAdvice.java:29] org.springframework.data.elasticsearch.core.ElasticsearchTemplate.queryForPage(ElasticsearchTemplate.java:314)
2024-01-27 21:22:27,672 ERROR [http-nio-8080-exec-1] c.n.c.c.a.ExceptionAdvice [ExceptionAdvice.java:29] com.nowcoder.community.service.ElasticsearchService.searchDiscussPost(ElasticsearchService.java:59)
2024-01-27 21:22:27,672 ERROR [http-nio-8080-exec-1] c.n.c.c.a.ExceptionAdvice [ExceptionAdvice.java:29] com.nowcoder.community.service.ElasticsearchService$$FastClassBySpringCGLIB$$7e7a6e28.invoke(<generated>)
2024-01-27 21:22:27,673 ERROR [http-nio-8080-exec-1] c.n.c.c.a.ExceptionAdvice [ExceptionAdvice.java:29] org.springframework.cglib.proxy.MethodProxy.invoke(MethodProxy.java:218)
2024-01-27 21:22:27,673 ERROR [http-nio-8080-exec-1] c.n.c.c.a.ExceptionAdvice [ExceptionAdvice.java:29] org.springframework.aop.framework.CglibAopProxy$CglibMethodInvocation.invokeJoinpoint(CglibAopProxy.java:749)
2024-01-27 21:22:27,673 ERROR [http-nio-8080-exec-1] c.n.c.c.a.ExceptionAdvice [ExceptionAdvice.java:29] org.springframework.aop.framework.ReflectiveMethodInvocation.proceed(ReflectiveMethodInvocation.java:163)
2024-01-27 21:22:27,673 ERROR [http-nio-8080-exec-1] c.n.c.c.a.ExceptionAdvice [ExceptionAdvice.java:29] org.springframework.aop.framework.adapter.MethodBeforeAdviceInterceptor.invoke(MethodBeforeAdviceInterceptor.java:56)
2024-01-27 21:22:27,673 ERROR [http-nio-8080-exec-1] c.n.c.c.a.ExceptionAdvice [ExceptionAdvice.java:29] org.springframework.aop.framework.ReflectiveMethodInvocation.proceed(ReflectiveMethodInvocation.java:186)
2024-01-27 21:22:27,673 ERROR [http-nio-8080-exec-1] c.n.c.c.a.ExceptionAdvice [ExceptionAdvice.java:29] org.springframework.aop.interceptor.ExposeInvocationInterceptor.invoke(ExposeInvocationInterceptor.java:93)
2024-01-27 21:22:27,673 ERROR [http-nio-8080-exec-1] c.n.c.c.a.ExceptionAdvice [ExceptionAdvice.java:29] org.springframework.aop.framework.ReflectiveMethodInvocation.proceed(ReflectiveMethodInvocation.java:186)
2024-01-27 21:22:27,673 ERROR [http-nio-8080-exec-1] c.n.c.c.a.ExceptionAdvice [ExceptionAdvice.java:29] org.springframework.aop.framework.CglibAopProxy$DynamicAdvisedInterceptor.intercept(CglibAopProxy.java:688)
2024-01-27 21:22:27,673 ERROR [http-nio-8080-exec-1] c.n.c.c.a.ExceptionAdvice [ExceptionAdvice.java:29] com.nowcoder.community.service.ElasticsearchService$$EnhancerBySpringCGLIB$$ed0905fe.searchDiscussPost(<generated>)
2024-01-27 21:22:27,673 ERROR [http-nio-8080-exec-1] c.n.c.c.a.ExceptionAdvice [ExceptionAdvice.java:29] com.nowcoder.community.controller.SearchController.search(SearchController.java:39)
2024-01-27 21:22:27,673 ERROR [http-nio-8080-exec-1] c.n.c.c.a.ExceptionAdvice [ExceptionAdvice.java:29] java.base/jdk.internal.reflect.NativeMethodAccessorImpl.invoke0(Native Method)
2024-01-27 21:22:27,673 ERROR [http-nio-8080-exec-1] c.n.c.c.a.ExceptionAdvice [ExceptionAdvice.java:29] java.base/jdk.internal.reflect.NativeMethodAccessorImpl.invoke(NativeMethodAccessorImpl.java:62)
2024-01-27 21:22:27,673 ERROR [http-nio-8080-exec-1] c.n.c.c.a.ExceptionAdvice [ExceptionAdvice.java:29] java.base/jdk.internal.reflect.DelegatingMethodAccessorImpl.invoke(DelegatingMethodAccessorImpl.java:43)
2024-01-27 21:22:27,673 ERROR [http-nio-8080-exec-1] c.n.c.c.a.ExceptionAdvice [ExceptionAdvice.java:29] java.base/java.lang.reflect.Method.invoke(Method.java:566)
2024-01-27 21:22:27,674 ERROR [http-nio-8080-exec-1] c.n.c.c.a.ExceptionAdvice [ExceptionAdvice.java:29] org.springframework.web.method.support.InvocableHandlerMethod.doInvoke(InvocableHandlerMethod.java:190)
2024-01-27 21:22:27,674 ERROR [http-nio-8080-exec-1] c.n.c.c.a.ExceptionAdvice [ExceptionAdvice.java:29] org.springframework.web.method.support.InvocableHandlerMethod.invokeForRequest(InvocableHandlerMethod.java:138)
2024-01-27 21:22:27,674 ERROR [http-nio-8080-exec-1] c.n.c.c.a.ExceptionAdvice [ExceptionAdvice.java:29] org.springframework.web.servlet.mvc.method.annotation.ServletInvocableHandlerMethod.invokeAndHandle(ServletInvocableHandlerMethod.java:104)
2024-01-27 21:22:27,674 ERROR [http-nio-8080-exec-1] c.n.c.c.a.ExceptionAdvice [ExceptionAdvice.java:29] org.springframework.web.servlet.mvc.method.annotation.RequestMappingHandlerAdapter.invokeHandlerMethod(RequestMappingHandlerAdapter.java:892)
2024-01-27 21:22:27,674 ERROR [http-nio-8080-exec-1] c.n.c.c.a.ExceptionAdvice [ExceptionAdvice.java:29] org.springframework.web.servlet.mvc.method.annotation.RequestMappingHandlerAdapter.handleInternal(RequestMappingHandlerAdapter.java:797)
2024-01-27 21:22:27,674 ERROR [http-nio-8080-exec-1] c.n.c.c.a.ExceptionAdvice [ExceptionAdvice.java:29] org.springframework.web.servlet.mvc.method.AbstractHandlerMethodAdapter.handle(AbstractHandlerMethodAdapter.java:87)
2024-01-27 21:22:27,674 ERROR [http-nio-8080-exec-1] c.n.c.c.a.ExceptionAdvice [ExceptionAdvice.java:29] org.springframework.web.servlet.DispatcherServlet.doDispatch(DispatcherServlet.java:1039)
2024-01-27 21:22:27,674 ERROR [http-nio-8080-exec-1] c.n.c.c.a.ExceptionAdvice [ExceptionAdvice.java:29] org.springframework.web.servlet.DispatcherServlet.doService(DispatcherServlet.java:942)
2024-01-27 21:22:27,674 ERROR [http-nio-8080-exec-1] c.n.c.c.a.ExceptionAdvice [ExceptionAdvice.java:29] org.springframework.web.servlet.FrameworkServlet.processRequest(FrameworkServlet.java:1005)
2024-01-27 21:22:27,674 ERROR [http-nio-8080-exec-1] c.n.c.c.a.ExceptionAdvice [ExceptionAdvice.java:29] org.springframework.web.servlet.FrameworkServlet.doGet(FrameworkServlet.java:897)
2024-01-27 21:22:27,674 ERROR [http-nio-8080-exec-1] c.n.c.c.a.ExceptionAdvice [ExceptionAdvice.java:29] javax.servlet.http.HttpServlet.service(HttpServlet.java:634)
2024-01-27 21:22:27,674 ERROR [http-nio-8080-exec-1] c.n.c.c.a.ExceptionAdvice [ExceptionAdvice.java:29] org.springframework.web.servlet.FrameworkServlet.service(FrameworkServlet.java:882)
2024-01-27 21:22:27,674 ERROR [http-nio-8080-exec-1] c.n.c.c.a.ExceptionAdvice [ExceptionAdvice.java:29] javax.servlet.http.HttpServlet.service(HttpServlet.java:741)
2024-01-27 21:22:27,674 ERROR [http-nio-8080-exec-1] c.n.c.c.a.ExceptionAdvice [ExceptionAdvice.java:29] org.apache.catalina.core.ApplicationFilterChain.internalDoFilter(ApplicationFilterChain.java:231)
2024-01-27 21:22:27,674 ERROR [http-nio-8080-exec-1] c.n.c.c.a.ExceptionAdvice [ExceptionAdvice.java:29] org.apache.catalina.core.ApplicationFilterChain.doFilter(ApplicationFilterChain.java:166)
2024-01-27 21:22:27,674 ERROR [http-nio-8080-exec-1] c.n.c.c.a.ExceptionAdvice [ExceptionAdvice.java:29] org.apache.tomcat.websocket.server.WsFilter.doFilter(WsFilter.java:53)
2024-01-27 21:22:27,675 ERROR [http-nio-8080-exec-1] c.n.c.c.a.ExceptionAdvice [ExceptionAdvice.java:29] org.apache.catalina.core.ApplicationFilterChain.internalDoFilter(ApplicationFilterChain.java:193)
2024-01-27 21:22:27,675 ERROR [http-nio-8080-exec-1] c.n.c.c.a.ExceptionAdvice [ExceptionAdvice.java:29] org.apache.catalina.core.ApplicationFilterChain.doFilter(ApplicationFilterChain.java:166)
2024-01-27 21:22:27,675 ERROR [http-nio-8080-exec-1] c.n.c.c.a.ExceptionAdvice [ExceptionAdvice.java:29] org.springframework.web.filter.RequestContextFilter.doFilterInternal(RequestContextFilter.java:99)
2024-01-27 21:22:27,675 ERROR [http-nio-8080-exec-1] c.n.c.c.a.ExceptionAdvice [ExceptionAdvice.java:29] org.springframework.web.filter.OncePerRequestFilter.doFilter(OncePerRequestFilter.java:107)
2024-01-27 21:22:27,675 ERROR [http-nio-8080-exec-1] c.n.c.c.a.ExceptionAdvice [ExceptionAdvice.java:29] org.apache.catalina.core.ApplicationFilterChain.internalDoFilter(ApplicationFilterChain.java:193)
2024-01-27 21:22:27,675 ERROR [http-nio-8080-exec-1] c.n.c.c.a.ExceptionAdvice [ExceptionAdvice.java:29] org.apache.catalina.core.ApplicationFilterChain.doFilter(ApplicationFilterChain.java:166)
2024-01-27 21:22:27,675 ERROR [http-nio-8080-exec-1] c.n.c.c.a.ExceptionAdvice [ExceptionAdvice.java:29] org.springframework.web.filter.FormContentFilter.doFilterInternal(FormContentFilter.java:92)
2024-01-27 21:22:27,675 ERROR [http-nio-8080-exec-1] c.n.c.c.a.ExceptionAdvice [ExceptionAdvice.java:29] org.springframework.web.filter.OncePerRequestFilter.doFilter(OncePerRequestFilter.java:107)
2024-01-27 21:22:27,675 ERROR [http-nio-8080-exec-1] c.n.c.c.a.ExceptionAdvice [ExceptionAdvice.java:29] org.apache.catalina.core.ApplicationFilterChain.internalDoFilter(ApplicationFilterChain.java:193)
2024-01-27 21:22:27,675 ERROR [http-nio-8080-exec-1] c.n.c.c.a.ExceptionAdvice [ExceptionAdvice.java:29] org.apache.catalina.core.ApplicationFilterChain.doFilter(ApplicationFilterChain.java:166)
2024-01-27 21:22:27,675 ERROR [http-nio-8080-exec-1] c.n.c.c.a.ExceptionAdvice [ExceptionAdvice.java:29] org.springframework.web.filter.HiddenHttpMethodFilter.doFilterInternal(HiddenHttpMethodFilter.java:93)
2024-01-27 21:22:27,675 ERROR [http-nio-8080-exec-1] c.n.c.c.a.ExceptionAdvice [ExceptionAdvice.java:29] org.springframework.web.filter.OncePerRequestFilter.doFilter(OncePerRequestFilter.java:107)
2024-01-27 21:22:27,675 ERROR [http-nio-8080-exec-1] c.n.c.c.a.ExceptionAdvice [ExceptionAdvice.java:29] org.apache.catalina.core.ApplicationFilterChain.internalDoFilter(ApplicationFilterChain.java:193)
2024-01-27 21:22:27,676 ERROR [http-nio-8080-exec-1] c.n.c.c.a.ExceptionAdvice [ExceptionAdvice.java:29] org.apache.catalina.core.ApplicationFilterChain.doFilter(ApplicationFilterChain.java:166)
2024-01-27 21:22:27,676 ERROR [http-nio-8080-exec-1] c.n.c.c.a.ExceptionAdvice [ExceptionAdvice.java:29] org.springframework.web.filter.CharacterEncodingFilter.doFilterInternal(CharacterEncodingFilter.java:200)
2024-01-27 21:22:27,676 ERROR [http-nio-8080-exec-1] c.n.c.c.a.ExceptionAdvice [ExceptionAdvice.java:29] org.springframework.web.filter.OncePerRequestFilter.doFilter(OncePerRequestFilter.java:107)
2024-01-27 21:22:27,676 ERROR [http-nio-8080-exec-1] c.n.c.c.a.ExceptionAdvice [ExceptionAdvice.java:29] org.apache.catalina.core.ApplicationFilterChain.internalDoFilter(ApplicationFilterChain.java:193)
2024-01-27 21:22:27,676 ERROR [http-nio-8080-exec-1] c.n.c.c.a.ExceptionAdvice [ExceptionAdvice.java:29] org.apache.catalina.core.ApplicationFilterChain.doFilter(ApplicationFilterChain.java:166)
2024-01-27 21:22:27,676 ERROR [http-nio-8080-exec-1] c.n.c.c.a.ExceptionAdvice [ExceptionAdvice.java:29] org.apache.catalina.core.StandardWrapperValve.invoke(StandardWrapperValve.java:200)
2024-01-27 21:22:27,676 ERROR [http-nio-8080-exec-1] c.n.c.c.a.ExceptionAdvice [ExceptionAdvice.java:29] org.apache.catalina.core.StandardContextValve.invoke(StandardContextValve.java:96)
2024-01-27 21:22:27,676 ERROR [http-nio-8080-exec-1] c.n.c.c.a.ExceptionAdvice [ExceptionAdvice.java:29] org.apache.catalina.authenticator.AuthenticatorBase.invoke(AuthenticatorBase.java:490)
2024-01-27 21:22:27,676 ERROR [http-nio-8080-exec-1] c.n.c.c.a.ExceptionAdvice [ExceptionAdvice.java:29] org.apache.catalina.core.StandardHostValve.invoke(StandardHostValve.java:139)
2024-01-27 21:22:27,677 ERROR [http-nio-8080-exec-1] c.n.c.c.a.ExceptionAdvice [ExceptionAdvice.java:29] org.apache.catalina.valves.ErrorReportValve.invoke(ErrorReportValve.java:92)
2024-01-27 21:22:27,677 ERROR [http-nio-8080-exec-1] c.n.c.c.a.ExceptionAdvice [ExceptionAdvice.java:29] org.apache.catalina.core.StandardEngineValve.invoke(StandardEngineValve.java:74)
2024-01-27 21:22:27,677 ERROR [http-nio-8080-exec-1] c.n.c.c.a.ExceptionAdvice [ExceptionAdvice.java:29] org.apache.catalina.connector.CoyoteAdapter.service(CoyoteAdapter.java:343)
2024-01-27 21:22:27,677 ERROR [http-nio-8080-exec-1] c.n.c.c.a.ExceptionAdvice [ExceptionAdvice.java:29] org.apache.coyote.http11.Http11Processor.service(Http11Processor.java:408)
2024-01-27 21:22:27,677 ERROR [http-nio-8080-exec-1] c.n.c.c.a.ExceptionAdvice [ExceptionAdvice.java:29] org.apache.coyote.AbstractProcessorLight.process(AbstractProcessorLight.java:66)
2024-01-27 21:22:27,677 ERROR [http-nio-8080-exec-1] c.n.c.c.a.ExceptionAdvice [ExceptionAdvice.java:29] org.apache.coyote.AbstractProtocol$ConnectionHandler.process(AbstractProtocol.java:836)
2024-01-27 21:22:27,677 ERROR [http-nio-8080-exec-1] c.n.c.c.a.ExceptionAdvice [ExceptionAdvice.java:29] org.apache.tomcat.util.net.NioEndpoint$SocketProcessor.doRun(NioEndpoint.java:1747)
2024-01-27 21:22:27,677 ERROR [http-nio-8080-exec-1] c.n.c.c.a.ExceptionAdvice [ExceptionAdvice.java:29] org.apache.tomcat.util.net.SocketProcessorBase.run(SocketProcessorBase.java:49)
2024-01-27 21:22:27,678 ERROR [http-nio-8080-exec-1] c.n.c.c.a.ExceptionAdvice [ExceptionAdvice.java:29] java.base/java.util.concurrent.ThreadPoolExecutor.runWorker(ThreadPoolExecutor.java:1128)
2024-01-27 21:22:27,678 ERROR [http-nio-8080-exec-1] c.n.c.c.a.ExceptionAdvice [ExceptionAdvice.java:29] java.base/java.util.concurrent.ThreadPoolExecutor$Worker.run(ThreadPoolExecutor.java:628)
2024-01-27 21:22:27,678 ERROR [http-nio-8080-exec-1] c.n.c.c.a.ExceptionAdvice [ExceptionAdvice.java:29] org.apache.tomcat.util.threads.TaskThread$WrappingRunnable.run(TaskThread.java:61)
2024-01-27 21:22:27,678 ERROR [http-nio-8080-exec-1] c.n.c.c.a.ExceptionAdvice [ExceptionAdvice.java:29] java.base/java.lang.Thread.run(Thread.java:834)
2024-01-27 21:23:35,435 ERROR [http-nio-8080-exec-10] c.n.c.c.a.ExceptionAdvice [ExceptionAdvice.java:27] 服务器发生异常：blocked by: [SERVICE_UNAVAILABLE/1/state not recovered / initialized];
2024-01-27 21:23:35,436 ERROR [http-nio-8080-exec-10] c.n.c.c.a.ExceptionAdvice [ExceptionAdvice.java:29] org.elasticsearch.cluster.block.ClusterBlocks.globalBlockedException(ClusterBlocks.java:166)
2024-01-27 21:23:35,436 ERROR [http-nio-8080-exec-10] c.n.c.c.a.ExceptionAdvice [ExceptionAdvice.java:29] org.elasticsearch.cluster.block.ClusterBlocks.globalBlockedRaiseException(ClusterBlocks.java:152)
2024-01-27 21:23:35,436 ERROR [http-nio-8080-exec-10] c.n.c.c.a.ExceptionAdvice [ExceptionAdvice.java:29] org.elasticsearch.action.search.TransportSearchAction.executeSearch(TransportSearchAction.java:285)
2024-01-27 21:23:35,436 ERROR [http-nio-8080-exec-10] c.n.c.c.a.ExceptionAdvice [ExceptionAdvice.java:29] org.elasticsearch.action.search.TransportSearchAction.lambda$doExecute$4(TransportSearchAction.java:192)
2024-01-27 21:23:35,436 ERROR [http-nio-8080-exec-10] c.n.c.c.a.ExceptionAdvice [ExceptionAdvice.java:29] org.elasticsearch.action.ActionListener$1.onResponse(ActionListener.java:60)
2024-01-27 21:23:35,436 ERROR [http-nio-8080-exec-10] c.n.c.c.a.ExceptionAdvice [ExceptionAdvice.java:29] org.elasticsearch.index.query.Rewriteable.rewriteAndFetch(Rewriteable.java:114)
2024-01-27 21:23:35,436 ERROR [http-nio-8080-exec-10] c.n.c.c.a.ExceptionAdvice [ExceptionAdvice.java:29] org.elasticsearch.index.query.Rewriteable.rewriteAndFetch(Rewriteable.java:87)
2024-01-27 21:23:35,437 ERROR [http-nio-8080-exec-10] c.n.c.c.a.ExceptionAdvice [ExceptionAdvice.java:29] org.elasticsearch.action.search.TransportSearchAction.doExecute(TransportSearchAction.java:214)
2024-01-27 21:23:35,437 ERROR [http-nio-8080-exec-10] c.n.c.c.a.ExceptionAdvice [ExceptionAdvice.java:29] org.elasticsearch.action.search.TransportSearchAction.doExecute(TransportSearchAction.java:67)
2024-01-27 21:23:35,437 ERROR [http-nio-8080-exec-10] c.n.c.c.a.ExceptionAdvice [ExceptionAdvice.java:29] org.elasticsearch.action.support.TransportAction$RequestFilterChain.proceed(TransportAction.java:167)
2024-01-27 21:23:35,437 ERROR [http-nio-8080-exec-10] c.n.c.c.a.ExceptionAdvice [ExceptionAdvice.java:29] org.elasticsearch.xpack.security.action.filter.SecurityActionFilter.apply(SecurityActionFilter.java:126)
2024-01-27 21:23:35,437 ERROR [http-nio-8080-exec-10] c.n.c.c.a.ExceptionAdvice [ExceptionAdvice.java:29] org.elasticsearch.action.support.TransportAction$RequestFilterChain.proceed(TransportAction.java:165)
2024-01-27 21:23:35,437 ERROR [http-nio-8080-exec-10] c.n.c.c.a.ExceptionAdvice [ExceptionAdvice.java:29] org.elasticsearch.action.support.TransportAction.execute(TransportAction.java:139)
2024-01-27 21:23:35,437 ERROR [http-nio-8080-exec-10] c.n.c.c.a.ExceptionAdvice [ExceptionAdvice.java:29] org.elasticsearch.action.support.HandledTransportAction$TransportHandler.messageReceived(HandledTransportAction.java:79)
2024-01-27 21:23:35,437 ERROR [http-nio-8080-exec-10] c.n.c.c.a.ExceptionAdvice [ExceptionAdvice.java:29] org.elasticsearch.action.support.HandledTransportAction$TransportHandler.messageReceived(HandledTransportAction.java:69)
2024-01-27 21:23:35,437 ERROR [http-nio-8080-exec-10] c.n.c.c.a.ExceptionAdvice [ExceptionAdvice.java:29] org.elasticsearch.xpack.security.transport.SecurityServerTransportInterceptor$ProfileSecuredRequestHandler$1.doRun(SecurityServerTransportInterceptor.java:251)
2024-01-27 21:23:35,437 ERROR [http-nio-8080-exec-10] c.n.c.c.a.ExceptionAdvice [ExceptionAdvice.java:29] org.elasticsearch.common.util.concurrent.AbstractRunnable.run(AbstractRunnable.java:37)
2024-01-27 21:23:35,437 ERROR [http-nio-8080-exec-10] c.n.c.c.a.ExceptionAdvice [ExceptionAdvice.java:29] org.elasticsearch.xpack.security.transport.SecurityServerTransportInterceptor$ProfileSecuredRequestHandler.messageReceived(SecurityServerTransportInterceptor.java:309)
2024-01-27 21:23:35,437 ERROR [http-nio-8080-exec-10] c.n.c.c.a.ExceptionAdvice [ExceptionAdvice.java:29] org.elasticsearch.transport.RequestHandlerRegistry.processMessageReceived(RequestHandlerRegistry.java:66)
2024-01-27 21:23:35,437 ERROR [http-nio-8080-exec-10] c.n.c.c.a.ExceptionAdvice [ExceptionAdvice.java:29] org.elasticsearch.transport.TcpTransport$RequestHandler.doRun(TcpTransport.java:1605)
2024-01-27 21:23:35,437 ERROR [http-nio-8080-exec-10] c.n.c.c.a.ExceptionAdvice [ExceptionAdvice.java:29] org.elasticsearch.common.util.concurrent.AbstractRunnable.run(AbstractRunnable.java:37)
2024-01-27 21:23:35,437 ERROR [http-nio-8080-exec-10] c.n.c.c.a.ExceptionAdvice [ExceptionAdvice.java:29] org.elasticsearch.common.util.concurrent.EsExecutors$1.execute(EsExecutors.java:135)
2024-01-27 21:23:35,438 ERROR [http-nio-8080-exec-10] c.n.c.c.a.ExceptionAdvice [ExceptionAdvice.java:29] org.elasticsearch.transport.TcpTransport.handleRequest(TcpTransport.java:1563)
2024-01-27 21:23:35,438 ERROR [http-nio-8080-exec-10] c.n.c.c.a.ExceptionAdvice [ExceptionAdvice.java:29] org.elasticsearch.transport.TcpTransport.messageReceived(TcpTransport.java:1427)
2024-01-27 21:23:35,438 ERROR [http-nio-8080-exec-10] c.n.c.c.a.ExceptionAdvice [ExceptionAdvice.java:29] org.elasticsearch.transport.netty4.Netty4MessageChannelHandler.channelRead(Netty4MessageChannelHandler.java:64)
2024-01-27 21:23:35,438 ERROR [http-nio-8080-exec-10] c.n.c.c.a.ExceptionAdvice [ExceptionAdvice.java:29] io.netty.channel.AbstractChannelHandlerContext.invokeChannelRead(AbstractChannelHandlerContext.java:362)
2024-01-27 21:23:35,438 ERROR [http-nio-8080-exec-10] c.n.c.c.a.ExceptionAdvice [ExceptionAdvice.java:29] io.netty.channel.AbstractChannelHandlerContext.invokeChannelRead(AbstractChannelHandlerContext.java:348)
2024-01-27 21:23:35,438 ERROR [http-nio-8080-exec-10] c.n.c.c.a.ExceptionAdvice [ExceptionAdvice.java:29] io.netty.channel.AbstractChannelHandlerContext.fireChannelRead(AbstractChannelHandlerContext.java:340)
2024-01-27 21:23:35,438 ERROR [http-nio-8080-exec-10] c.n.c.c.a.ExceptionAdvice [ExceptionAdvice.java:29] io.netty.handler.codec.ByteToMessageDecoder.fireChannelRead(ByteToMessageDecoder.java:310)
2024-01-27 21:23:35,438 ERROR [http-nio-8080-exec-10] c.n.c.c.a.ExceptionAdvice [ExceptionAdvice.java:29] io.netty.handler.codec.ByteToMessageDecoder.fireChannelRead(ByteToMessageDecoder.java:297)
2024-01-27 21:23:35,438 ERROR [http-nio-8080-exec-10] c.n.c.c.a.ExceptionAdvice [ExceptionAdvice.java:29] io.netty.handler.codec.ByteToMessageDecoder.callDecode(ByteToMessageDecoder.java:413)
2024-01-27 21:23:35,438 ERROR [http-nio-8080-exec-10] c.n.c.c.a.ExceptionAdvice [ExceptionAdvice.java:29] io.netty.handler.codec.ByteToMessageDecoder.channelRead(ByteToMessageDecoder.java:265)
2024-01-27 21:23:35,438 ERROR [http-nio-8080-exec-10] c.n.c.c.a.ExceptionAdvice [ExceptionAdvice.java:29] io.netty.channel.AbstractChannelHandlerContext.invokeChannelRead(AbstractChannelHandlerContext.java:362)
2024-01-27 21:23:35,438 ERROR [http-nio-8080-exec-10] c.n.c.c.a.ExceptionAdvice [ExceptionAdvice.java:29] io.netty.channel.AbstractChannelHandlerContext.invokeChannelRead(AbstractChannelHandlerContext.java:348)
2024-01-27 21:23:35,438 ERROR [http-nio-8080-exec-10] c.n.c.c.a.ExceptionAdvice [ExceptionAdvice.java:29] io.netty.channel.AbstractChannelHandlerContext.fireChannelRead(AbstractChannelHandlerContext.java:340)
2024-01-27 21:23:35,438 ERROR [http-nio-8080-exec-10] c.n.c.c.a.ExceptionAdvice [ExceptionAdvice.java:29] io.netty.handler.logging.LoggingHandler.channelRead(LoggingHandler.java:241)
2024-01-27 21:23:35,439 ERROR [http-nio-8080-exec-10] c.n.c.c.a.ExceptionAdvice [ExceptionAdvice.java:29] io.netty.channel.AbstractChannelHandlerContext.invokeChannelRead(AbstractChannelHandlerContext.java:362)
2024-01-27 21:23:35,439 ERROR [http-nio-8080-exec-10] c.n.c.c.a.ExceptionAdvice [ExceptionAdvice.java:29] io.netty.channel.AbstractChannelHandlerContext.invokeChannelRead(AbstractChannelHandlerContext.java:348)
2024-01-27 21:23:35,439 ERROR [http-nio-8080-exec-10] c.n.c.c.a.ExceptionAdvice [ExceptionAdvice.java:29] io.netty.channel.AbstractChannelHandlerContext.fireChannelRead(AbstractChannelHandlerContext.java:340)
2024-01-27 21:23:35,439 ERROR [http-nio-8080-exec-10] c.n.c.c.a.ExceptionAdvice [ExceptionAdvice.java:29] io.netty.channel.DefaultChannelPipeline$HeadContext.channelRead(DefaultChannelPipeline.java:1359)
2024-01-27 21:23:35,439 ERROR [http-nio-8080-exec-10] c.n.c.c.a.ExceptionAdvice [ExceptionAdvice.java:29] io.netty.channel.AbstractChannelHandlerContext.invokeChannelRead(AbstractChannelHandlerContext.java:362)
2024-01-27 21:23:35,439 ERROR [http-nio-8080-exec-10] c.n.c.c.a.ExceptionAdvice [ExceptionAdvice.java:29] io.netty.channel.AbstractChannelHandlerContext.invokeChannelRead(AbstractChannelHandlerContext.java:348)
2024-01-27 21:23:35,439 ERROR [http-nio-8080-exec-10] c.n.c.c.a.ExceptionAdvice [ExceptionAdvice.java:29] io.netty.channel.DefaultChannelPipeline.fireChannelRead(DefaultChannelPipeline.java:935)
2024-01-27 21:23:35,439 ERROR [http-nio-8080-exec-10] c.n.c.c.a.ExceptionAdvice [ExceptionAdvice.java:29] io.netty.channel.nio.AbstractNioByteChannel$NioByteUnsafe.read(AbstractNioByteChannel.java:134)
2024-01-27 21:23:35,439 ERROR [http-nio-8080-exec-10] c.n.c.c.a.ExceptionAdvice [ExceptionAdvice.java:29] io.netty.channel.nio.NioEventLoop.processSelectedKey(NioEventLoop.java:645)
2024-01-27 21:23:35,439 ERROR [http-nio-8080-exec-10] c.n.c.c.a.ExceptionAdvice [ExceptionAdvice.java:29] io.netty.channel.nio.NioEventLoop.processSelectedKeysPlain(NioEventLoop.java:545)
2024-01-27 21:23:35,439 ERROR [http-nio-8080-exec-10] c.n.c.c.a.ExceptionAdvice [ExceptionAdvice.java:29] io.netty.channel.nio.NioEventLoop.processSelectedKeys(NioEventLoop.java:499)
2024-01-27 21:23:35,439 ERROR [http-nio-8080-exec-10] c.n.c.c.a.ExceptionAdvice [ExceptionAdvice.java:29] io.netty.channel.nio.NioEventLoop.run(NioEventLoop.java:459)
2024-01-27 21:23:35,440 ERROR [http-nio-8080-exec-10] c.n.c.c.a.ExceptionAdvice [ExceptionAdvice.java:29] io.netty.util.concurrent.SingleThreadEventExecutor$5.run(SingleThreadEventExecutor.java:858)
2024-01-27 21:23:35,440 ERROR [http-nio-8080-exec-10] c.n.c.c.a.ExceptionAdvice [ExceptionAdvice.java:29] java.lang.Thread.run(Thread.java:842)
2024-01-27 21:23:38,142 ERROR [http-nio-8080-exec-4] c.n.c.c.a.ExceptionAdvice [ExceptionAdvice.java:27] 服务器发生异常：blocked by: [SERVICE_UNAVAILABLE/1/state not recovered / initialized];
2024-01-27 21:23:38,144 ERROR [http-nio-8080-exec-4] c.n.c.c.a.ExceptionAdvice [ExceptionAdvice.java:29] org.elasticsearch.cluster.block.ClusterBlocks.globalBlockedException(ClusterBlocks.java:166)
2024-01-27 21:23:38,144 ERROR [http-nio-8080-exec-4] c.n.c.c.a.ExceptionAdvice [ExceptionAdvice.java:29] org.elasticsearch.cluster.block.ClusterBlocks.globalBlockedRaiseException(ClusterBlocks.java:152)
2024-01-27 21:23:38,145 ERROR [http-nio-8080-exec-4] c.n.c.c.a.ExceptionAdvice [ExceptionAdvice.java:29] org.elasticsearch.action.search.TransportSearchAction.executeSearch(TransportSearchAction.java:285)
2024-01-27 21:23:38,145 ERROR [http-nio-8080-exec-4] c.n.c.c.a.ExceptionAdvice [ExceptionAdvice.java:29] org.elasticsearch.action.search.TransportSearchAction.lambda$doExecute$4(TransportSearchAction.java:192)
2024-01-27 21:23:38,146 ERROR [http-nio-8080-exec-4] c.n.c.c.a.ExceptionAdvice [ExceptionAdvice.java:29] org.elasticsearch.action.ActionListener$1.onResponse(ActionListener.java:60)
2024-01-27 21:23:38,146 ERROR [http-nio-8080-exec-4] c.n.c.c.a.ExceptionAdvice [ExceptionAdvice.java:29] org.elasticsearch.index.query.Rewriteable.rewriteAndFetch(Rewriteable.java:114)
2024-01-27 21:23:38,146 ERROR [http-nio-8080-exec-4] c.n.c.c.a.ExceptionAdvice [ExceptionAdvice.java:29] org.elasticsearch.index.query.Rewriteable.rewriteAndFetch(Rewriteable.java:87)
2024-01-27 21:23:38,147 ERROR [http-nio-8080-exec-4] c.n.c.c.a.ExceptionAdvice [ExceptionAdvice.java:29] org.elasticsearch.action.search.TransportSearchAction.doExecute(TransportSearchAction.java:214)
2024-01-27 21:23:38,147 ERROR [http-nio-8080-exec-4] c.n.c.c.a.ExceptionAdvice [ExceptionAdvice.java:29] org.elasticsearch.action.search.TransportSearchAction.doExecute(TransportSearchAction.java:67)
2024-01-27 21:23:38,147 ERROR [http-nio-8080-exec-4] c.n.c.c.a.ExceptionAdvice [ExceptionAdvice.java:29] org.elasticsearch.action.support.TransportAction$RequestFilterChain.proceed(TransportAction.java:167)
2024-01-27 21:23:38,147 ERROR [http-nio-8080-exec-4] c.n.c.c.a.ExceptionAdvice [ExceptionAdvice.java:29] org.elasticsearch.xpack.security.action.filter.SecurityActionFilter.apply(SecurityActionFilter.java:126)
2024-01-27 21:23:38,147 ERROR [http-nio-8080-exec-4] c.n.c.c.a.ExceptionAdvice [ExceptionAdvice.java:29] org.elasticsearch.action.support.TransportAction$RequestFilterChain.proceed(TransportAction.java:165)
2024-01-27 21:23:38,147 ERROR [http-nio-8080-exec-4] c.n.c.c.a.ExceptionAdvice [ExceptionAdvice.java:29] org.elasticsearch.action.support.TransportAction.execute(TransportAction.java:139)
2024-01-27 21:23:38,147 ERROR [http-nio-8080-exec-4] c.n.c.c.a.ExceptionAdvice [ExceptionAdvice.java:29] org.elasticsearch.action.support.HandledTransportAction$TransportHandler.messageReceived(HandledTransportAction.java:79)
2024-01-27 21:23:38,148 ERROR [http-nio-8080-exec-4] c.n.c.c.a.ExceptionAdvice [ExceptionAdvice.java:29] org.elasticsearch.action.support.HandledTransportAction$TransportHandler.messageReceived(HandledTransportAction.java:69)
2024-01-27 21:23:38,148 ERROR [http-nio-8080-exec-4] c.n.c.c.a.ExceptionAdvice [ExceptionAdvice.java:29] org.elasticsearch.xpack.security.transport.SecurityServerTransportInterceptor$ProfileSecuredRequestHandler$1.doRun(SecurityServerTransportInterceptor.java:251)
2024-01-27 21:23:38,148 ERROR [http-nio-8080-exec-4] c.n.c.c.a.ExceptionAdvice [ExceptionAdvice.java:29] org.elasticsearch.common.util.concurrent.AbstractRunnable.run(AbstractRunnable.java:37)
2024-01-27 21:23:38,148 ERROR [http-nio-8080-exec-4] c.n.c.c.a.ExceptionAdvice [ExceptionAdvice.java:29] org.elasticsearch.xpack.security.transport.SecurityServerTransportInterceptor$ProfileSecuredRequestHandler.messageReceived(SecurityServerTransportInterceptor.java:309)
2024-01-27 21:23:38,148 ERROR [http-nio-8080-exec-4] c.n.c.c.a.ExceptionAdvice [ExceptionAdvice.java:29] org.elasticsearch.transport.RequestHandlerRegistry.processMessageReceived(RequestHandlerRegistry.java:66)
2024-01-27 21:23:38,149 ERROR [http-nio-8080-exec-4] c.n.c.c.a.ExceptionAdvice [ExceptionAdvice.java:29] org.elasticsearch.transport.TcpTransport$RequestHandler.doRun(TcpTransport.java:1605)
2024-01-27 21:23:38,149 ERROR [http-nio-8080-exec-4] c.n.c.c.a.ExceptionAdvice [ExceptionAdvice.java:29] org.elasticsearch.common.util.concurrent.AbstractRunnable.run(AbstractRunnable.java:37)
2024-01-27 21:23:38,149 ERROR [http-nio-8080-exec-4] c.n.c.c.a.ExceptionAdvice [ExceptionAdvice.java:29] org.elasticsearch.common.util.concurrent.EsExecutors$1.execute(EsExecutors.java:135)
2024-01-27 21:23:38,149 ERROR [http-nio-8080-exec-4] c.n.c.c.a.ExceptionAdvice [ExceptionAdvice.java:29] org.elasticsearch.transport.TcpTransport.handleRequest(TcpTransport.java:1563)
2024-01-27 21:23:38,149 ERROR [http-nio-8080-exec-4] c.n.c.c.a.ExceptionAdvice [ExceptionAdvice.java:29] org.elasticsearch.transport.TcpTransport.messageReceived(TcpTransport.java:1427)
2024-01-27 21:23:38,150 ERROR [http-nio-8080-exec-4] c.n.c.c.a.ExceptionAdvice [ExceptionAdvice.java:29] org.elasticsearch.transport.netty4.Netty4MessageChannelHandler.channelRead(Netty4MessageChannelHandler.java:64)
2024-01-27 21:23:38,150 ERROR [http-nio-8080-exec-4] c.n.c.c.a.ExceptionAdvice [ExceptionAdvice.java:29] io.netty.channel.AbstractChannelHandlerContext.invokeChannelRead(AbstractChannelHandlerContext.java:362)
2024-01-27 21:23:38,150 ERROR [http-nio-8080-exec-4] c.n.c.c.a.ExceptionAdvice [ExceptionAdvice.java:29] io.netty.channel.AbstractChannelHandlerContext.invokeChannelRead(AbstractChannelHandlerContext.java:348)
2024-01-27 21:23:38,150 ERROR [http-nio-8080-exec-4] c.n.c.c.a.ExceptionAdvice [ExceptionAdvice.java:29] io.netty.channel.AbstractChannelHandlerContext.fireChannelRead(AbstractChannelHandlerContext.java:340)
2024-01-27 21:23:38,150 ERROR [http-nio-8080-exec-4] c.n.c.c.a.ExceptionAdvice [ExceptionAdvice.java:29] io.netty.handler.codec.ByteToMessageDecoder.fireChannelRead(ByteToMessageDecoder.java:310)
2024-01-27 21:23:38,150 ERROR [http-nio-8080-exec-4] c.n.c.c.a.ExceptionAdvice [ExceptionAdvice.java:29] io.netty.handler.codec.ByteToMessageDecoder.fireChannelRead(ByteToMessageDecoder.java:297)
2024-01-27 21:23:38,151 ERROR [http-nio-8080-exec-4] c.n.c.c.a.ExceptionAdvice [ExceptionAdvice.java:29] io.netty.handler.codec.ByteToMessageDecoder.callDecode(ByteToMessageDecoder.java:413)
2024-01-27 21:23:38,151 ERROR [http-nio-8080-exec-4] c.n.c.c.a.ExceptionAdvice [ExceptionAdvice.java:29] io.netty.handler.codec.ByteToMessageDecoder.channelRead(ByteToMessageDecoder.java:265)
2024-01-27 21:23:38,151 ERROR [http-nio-8080-exec-4] c.n.c.c.a.ExceptionAdvice [ExceptionAdvice.java:29] io.netty.channel.AbstractChannelHandlerContext.invokeChannelRead(AbstractChannelHandlerContext.java:362)
2024-01-27 21:23:38,151 ERROR [http-nio-8080-exec-4] c.n.c.c.a.ExceptionAdvice [ExceptionAdvice.java:29] io.netty.channel.AbstractChannelHandlerContext.invokeChannelRead(AbstractChannelHandlerContext.java:348)
2024-01-27 21:23:38,151 ERROR [http-nio-8080-exec-4] c.n.c.c.a.ExceptionAdvice [ExceptionAdvice.java:29] io.netty.channel.AbstractChannelHandlerContext.fireChannelRead(AbstractChannelHandlerContext.java:340)
2024-01-27 21:23:38,152 ERROR [http-nio-8080-exec-4] c.n.c.c.a.ExceptionAdvice [ExceptionAdvice.java:29] io.netty.handler.logging.LoggingHandler.channelRead(LoggingHandler.java:241)
2024-01-27 21:23:38,152 ERROR [http-nio-8080-exec-4] c.n.c.c.a.ExceptionAdvice [ExceptionAdvice.java:29] io.netty.channel.AbstractChannelHandlerContext.invokeChannelRead(AbstractChannelHandlerContext.java:362)
2024-01-27 21:23:38,152 ERROR [http-nio-8080-exec-4] c.n.c.c.a.ExceptionAdvice [ExceptionAdvice.java:29] io.netty.channel.AbstractChannelHandlerContext.invokeChannelRead(AbstractChannelHandlerContext.java:348)
2024-01-27 21:23:38,152 ERROR [http-nio-8080-exec-4] c.n.c.c.a.ExceptionAdvice [ExceptionAdvice.java:29] io.netty.channel.AbstractChannelHandlerContext.fireChannelRead(AbstractChannelHandlerContext.java:340)
2024-01-27 21:23:38,152 ERROR [http-nio-8080-exec-4] c.n.c.c.a.ExceptionAdvice [ExceptionAdvice.java:29] io.netty.channel.DefaultChannelPipeline$HeadContext.channelRead(DefaultChannelPipeline.java:1359)
2024-01-27 21:23:38,152 ERROR [http-nio-8080-exec-4] c.n.c.c.a.ExceptionAdvice [ExceptionAdvice.java:29] io.netty.channel.AbstractChannelHandlerContext.invokeChannelRead(AbstractChannelHandlerContext.java:362)
2024-01-27 21:23:38,153 ERROR [http-nio-8080-exec-4] c.n.c.c.a.ExceptionAdvice [ExceptionAdvice.java:29] io.netty.channel.AbstractChannelHandlerContext.invokeChannelRead(AbstractChannelHandlerContext.java:348)
2024-01-27 21:23:38,153 ERROR [http-nio-8080-exec-4] c.n.c.c.a.ExceptionAdvice [ExceptionAdvice.java:29] io.netty.channel.DefaultChannelPipeline.fireChannelRead(DefaultChannelPipeline.java:935)
2024-01-27 21:23:38,153 ERROR [http-nio-8080-exec-4] c.n.c.c.a.ExceptionAdvice [ExceptionAdvice.java:29] io.netty.channel.nio.AbstractNioByteChannel$NioByteUnsafe.read(AbstractNioByteChannel.java:134)
2024-01-27 21:23:38,153 ERROR [http-nio-8080-exec-4] c.n.c.c.a.ExceptionAdvice [ExceptionAdvice.java:29] io.netty.channel.nio.NioEventLoop.processSelectedKey(NioEventLoop.java:645)
2024-01-27 21:23:38,154 ERROR [http-nio-8080-exec-4] c.n.c.c.a.ExceptionAdvice [ExceptionAdvice.java:29] io.netty.channel.nio.NioEventLoop.processSelectedKeysPlain(NioEventLoop.java:545)
2024-01-27 21:23:38,154 ERROR [http-nio-8080-exec-4] c.n.c.c.a.ExceptionAdvice [ExceptionAdvice.java:29] io.netty.channel.nio.NioEventLoop.processSelectedKeys(NioEventLoop.java:499)
2024-01-27 21:23:38,154 ERROR [http-nio-8080-exec-4] c.n.c.c.a.ExceptionAdvice [ExceptionAdvice.java:29] io.netty.channel.nio.NioEventLoop.run(NioEventLoop.java:459)
2024-01-27 21:23:38,154 ERROR [http-nio-8080-exec-4] c.n.c.c.a.ExceptionAdvice [ExceptionAdvice.java:29] io.netty.util.concurrent.SingleThreadEventExecutor$5.run(SingleThreadEventExecutor.java:858)
2024-01-27 21:23:38,155 ERROR [http-nio-8080-exec-4] c.n.c.c.a.ExceptionAdvice [ExceptionAdvice.java:29] java.lang.Thread.run(Thread.java:842)
